[Feb 17 10:51:36] DEBUG (BootstrapClient.java:83) - Sending BootstrapHello(src=/127.0.0.1:61349, srcID=0.3552675068994967) to /127.0.0.1:5555
[Feb 17 10:51:36] DEBUG (SimpleDIASApplication.java:145) - started peer dump/live_3nodes_300s//0.3552675068994967 with state: State ID:2cfc55a2-959d-4ad4-81d4-576fb773ddfa
 Properties:
  VALUE_STATE: 0.8996507580281067

[Feb 17 10:51:36] DEBUG (BootstrapClient.java:61) - InitializePeerMessage received: seqnum: 2 initialNeighbors: [(/127.0.0.1:61348, 0.9975188045428751), (/127.0.0.1:5555, 0.5720248807265347)]
[Feb 17 10:51:36] DEBUG (SimpleConnector.java:59) - received: ConnectionRequest(/127.0.0.1:5555,0.5720248807265347)
[Feb 17 10:51:36] DEBUG (SimpleConnector.java:72) - adding neighbor: (/127.0.0.1:5555, 0.5720248807265347)
[Feb 17 10:51:36] DEBUG (NeighborManager.java:82) - Adding neighbor: (/127.0.0.1:5555, 0.5720248807265347)
[Feb 17 10:51:36] DEBUG (SimpleConnector.java:59) - received: ConnectionRequest(/127.0.0.1:61348,0.9975188045428751)
[Feb 17 10:51:36] DEBUG (SimpleConnector.java:72) - adding neighbor: (/127.0.0.1:61348, 0.9975188045428751)
[Feb 17 10:51:36] DEBUG (NeighborManager.java:82) - Adding neighbor: (/127.0.0.1:61348, 0.9975188045428751)
[Feb 17 10:51:36] DEBUG (SimpleConnector.java:85) - received: ConnectionResponse(/127.0.0.1:5555, 0.5720248807265347)
[Feb 17 10:51:36] DEBUG (SimpleConnector.java:98) - adding neighbor: (/127.0.0.1:5555, 0.5720248807265347)
[Feb 17 10:51:36] DEBUG (NeighborManager.java:82) - Adding neighbor: (/127.0.0.1:5555, 0.5720248807265347)
[Feb 17 10:51:36] DEBUG (SimpleConnector.java:85) - received: ConnectionResponse(/127.0.0.1:61348, 0.9975188045428751)
[Feb 17 10:51:36] DEBUG (NeighborManager.java:62) - Neighbor exists already: (/127.0.0.1:5555, 0.5720248807265347)
[Feb 17 10:51:36] DEBUG (SimpleConnector.java:98) - adding neighbor: (/127.0.0.1:61348, 0.9975188045428751)
[Feb 17 10:51:36] DEBUG (NeighborManager.java:82) - Adding neighbor: (/127.0.0.1:61348, 0.9975188045428751)
[Feb 17 10:51:36] DEBUG (NeighborManager.java:62) - Neighbor exists already: (/127.0.0.1:61348, 0.9975188045428751)
[Feb 17 10:51:53] DEBUG (SimpleDIASApplication.java:257) -  nodeidx1 sum: 1.789891590761318 avg: 0.894945795380659 count: 2.0
[Feb 17 10:51:54] DEBUG (SimpleDIASApplication.java:257) -  nodeidx1 sum: 2.5228287990510907 avg: 0.8409429330170303 count: 3.0
[Feb 17 10:51:55] DEBUG (SimpleDIASApplication.java:257) -  nodeidx1 sum: 2.5228287990510907 avg: 0.8409429330170303 count: 3.0
[Feb 17 10:51:56] DEBUG (SimpleDIASApplication.java:257) -  nodeidx1 sum: 2.5228287990510907 avg: 0.8409429330170303 count: 3.0
[Feb 17 10:51:57] DEBUG (SimpleDIASApplication.java:257) -  nodeidx1 sum: 2.5228287990510907 avg: 0.8409429330170303 count: 3.0
[Feb 17 10:51:58] DEBUG (SimpleDIASApplication.java:257) -  nodeidx1 sum: 2.5228287990510907 avg: 0.8409429330170303 count: 3.0
[Feb 17 10:51:59] DEBUG (SimpleDIASApplication.java:257) -  nodeidx1 sum: 2.5228287990510907 avg: 0.8409429330170303 count: 3.0
[Feb 17 10:52:00] DEBUG (SimpleDIASApplication.java:257) -  nodeidx1 sum: 2.5228287990510907 avg: 0.8409429330170303 count: 3.0
[Feb 17 10:52:01] DEBUG (SimpleDIASApplication.java:257) -  nodeidx1 sum: 2.5228287990510907 avg: 0.8409429330170303 count: 3.0
[Feb 17 10:52:02] DEBUG (SimpleDIASApplication.java:257) -  nodeidx1 sum: 2.5228287990510907 avg: 0.8409429330170303 count: 3.0
[Feb 17 10:52:03] DEBUG (SimpleDIASApplication.java:257) -  nodeidx1 sum: 2.5228287990510907 avg: 0.8409429330170303 count: 3.0
[Feb 17 10:52:04] DEBUG (SimpleDIASApplication.java:257) -  nodeidx1 sum: 2.5228287990510907 avg: 0.8409429330170303 count: 3.0
[Feb 17 10:52:05] DEBUG (SimpleDIASApplication.java:257) -  nodeidx1 sum: 2.5228287990510907 avg: 0.8409429330170303 count: 3.0
[Feb 17 10:52:06] DEBUG (SimpleDIASApplication.java:257) -  nodeidx1 sum: 2.5228287990510907 avg: 0.8409429330170303 count: 3.0
[Feb 17 10:52:07] DEBUG (SimpleDIASApplication.java:257) -  nodeidx1 sum: 2.5228287990510907 avg: 0.8409429330170303 count: 3.0
[Feb 17 10:52:08] DEBUG (SimpleDIASApplication.java:257) -  nodeidx1 sum: 2.5228287990510907 avg: 0.8409429330170303 count: 3.0
[Feb 17 10:52:09] DEBUG (SimpleDIASApplication.java:257) -  nodeidx1 sum: 2.5228287990510907 avg: 0.8409429330170303 count: 3.0
[Feb 17 10:52:10] DEBUG (SimpleDIASApplication.java:257) -  nodeidx1 sum: 2.5228287990510907 avg: 0.8409429330170303 count: 3.0
[Feb 17 10:52:11] DEBUG (SimpleDIASApplication.java:257) -  nodeidx1 sum: 2.5228287990510907 avg: 0.8409429330170303 count: 3.0
[Feb 17 10:52:12] DEBUG (SimpleDIASApplication.java:257) -  nodeidx1 sum: 2.5228287990510907 avg: 0.8409429330170303 count: 3.0
[Feb 17 10:52:13] DEBUG (SimpleDIASApplication.java:257) -  nodeidx1 sum: 2.5228287990510907 avg: 0.8409429330170303 count: 3.0
[Feb 17 10:52:14] DEBUG (SimpleDIASApplication.java:257) -  nodeidx1 sum: 2.5228287990510907 avg: 0.8409429330170303 count: 3.0
[Feb 17 10:52:15] DEBUG (SimpleDIASApplication.java:257) -  nodeidx1 sum: 2.5228287990510907 avg: 0.8409429330170303 count: 3.0
[Feb 17 10:52:16] DEBUG (SimpleDIASApplication.java:257) -  nodeidx1 sum: 2.5228287990510907 avg: 0.8409429330170303 count: 3.0
[Feb 17 10:52:17] DEBUG (SimpleDIASApplication.java:257) -  nodeidx1 sum: 2.5228287990510907 avg: 0.8409429330170303 count: 3.0
[Feb 17 10:52:18] DEBUG (SimpleDIASApplication.java:257) -  nodeidx1 sum: 2.5228287990510907 avg: 0.8409429330170303 count: 3.0
[Feb 17 10:52:19] DEBUG (SimpleDIASApplication.java:257) -  nodeidx1 sum: 2.5228287990510907 avg: 0.8409429330170303 count: 3.0
[Feb 17 10:52:20] DEBUG (SimpleDIASApplication.java:257) -  nodeidx1 sum: 2.5228287990510907 avg: 0.8409429330170303 count: 3.0
[Feb 17 10:52:21] DEBUG (SimpleDIASApplication.java:257) -  nodeidx1 sum: 2.5228287990510907 avg: 0.8409429330170303 count: 3.0
[Feb 17 10:52:22] DEBUG (SimpleDIASApplication.java:257) -  nodeidx1 sum: 2.5228287990510907 avg: 0.8409429330170303 count: 3.0
[Feb 17 10:52:23] DEBUG (SimpleDIASApplication.java:257) -  nodeidx1 sum: 2.5228287990510907 avg: 0.8409429330170303 count: 3.0
[Feb 17 10:52:24] DEBUG (SimpleDIASApplication.java:257) -  nodeidx1 sum: 2.5228287990510907 avg: 0.8409429330170303 count: 3.0
[Feb 17 10:52:25] DEBUG (SimpleDIASApplication.java:257) -  nodeidx1 sum: 2.5228287990510907 avg: 0.8409429330170303 count: 3.0
[Feb 17 10:52:26] DEBUG (SimpleDIASApplication.java:257) -  nodeidx1 sum: 2.5228287990510907 avg: 0.8409429330170303 count: 3.0
[Feb 17 10:52:27] DEBUG (SimpleDIASApplication.java:257) -  nodeidx1 sum: 2.5228287990510907 avg: 0.8409429330170303 count: 3.0
[Feb 17 10:52:28] DEBUG (SimpleDIASApplication.java:257) -  nodeidx1 sum: 2.5228287990510907 avg: 0.8409429330170303 count: 3.0
[Feb 17 10:52:29] DEBUG (SimpleDIASApplication.java:257) -  nodeidx1 sum: 2.5228287990510907 avg: 0.8409429330170303 count: 3.0
[Feb 17 10:52:30] DEBUG (SimpleDIASApplication.java:257) -  nodeidx1 sum: 2.5228287990510907 avg: 0.8409429330170303 count: 3.0
[Feb 17 10:52:31] DEBUG (SimpleDIASApplication.java:257) -  nodeidx1 sum: 2.5228287990510907 avg: 0.8409429330170303 count: 3.0
[Feb 17 10:52:32] DEBUG (SimpleDIASApplication.java:257) -  nodeidx1 sum: 2.5228287990510907 avg: 0.8409429330170303 count: 3.0
[Feb 17 10:52:33] DEBUG (SimpleDIASApplication.java:257) -  nodeidx1 sum: 2.5228287990510907 avg: 0.8409429330170303 count: 3.0
[Feb 17 10:52:34] DEBUG (SimpleDIASApplication.java:257) -  nodeidx1 sum: 2.5228287990510907 avg: 0.8409429330170303 count: 3.0
[Feb 17 10:52:35] DEBUG (SimpleDIASApplication.java:257) -  nodeidx1 sum: 2.5228287990510907 avg: 0.8409429330170303 count: 3.0
[Feb 17 10:52:36] DEBUG (SimpleDIASApplication.java:257) -  nodeidx1 sum: 2.5228287990510907 avg: 0.8409429330170303 count: 3.0
[Feb 17 10:52:37] DEBUG (SimpleDIASApplication.java:257) -  nodeidx1 sum: 2.5228287990510907 avg: 0.8409429330170303 count: 3.0
[Feb 17 10:52:38] DEBUG (SimpleDIASApplication.java:257) -  nodeidx1 sum: 2.5228287990510907 avg: 0.8409429330170303 count: 3.0
[Feb 17 10:52:39] DEBUG (SimpleDIASApplication.java:257) -  nodeidx1 sum: 2.5228287990510907 avg: 0.8409429330170303 count: 3.0
[Feb 17 10:52:40] DEBUG (SimpleDIASApplication.java:257) -  nodeidx1 sum: 2.5228287990510907 avg: 0.8409429330170303 count: 3.0
[Feb 17 10:52:41] DEBUG (SimpleDIASApplication.java:257) -  nodeidx1 sum: 2.5228287990510907 avg: 0.8409429330170303 count: 3.0
[Feb 17 10:52:42] DEBUG (SimpleDIASApplication.java:257) -  nodeidx1 sum: 2.5228287990510907 avg: 0.8409429330170303 count: 3.0
[Feb 17 10:52:43] DEBUG (SimpleDIASApplication.java:257) -  nodeidx1 sum: 2.5228287990510907 avg: 0.8409429330170303 count: 3.0
[Feb 17 10:52:44] DEBUG (SimpleDIASApplication.java:257) -  nodeidx1 sum: 2.5228287990510907 avg: 0.8409429330170303 count: 3.0
[Feb 17 10:52:45] DEBUG (SimpleDIASApplication.java:257) -  nodeidx1 sum: 2.5228287990510907 avg: 0.8409429330170303 count: 3.0
[Feb 17 10:52:46] DEBUG (SimpleDIASApplication.java:257) -  nodeidx1 sum: 2.5228287990510907 avg: 0.8409429330170303 count: 3.0
[Feb 17 10:52:47] DEBUG (SimpleDIASApplication.java:257) -  nodeidx1 sum: 2.5228287990510907 avg: 0.8409429330170303 count: 3.0
[Feb 17 10:52:48] DEBUG (SimpleDIASApplication.java:257) -  nodeidx1 sum: 2.5228287990510907 avg: 0.8409429330170303 count: 3.0
[Feb 17 10:52:49] DEBUG (SimpleDIASApplication.java:257) -  nodeidx1 sum: 2.5228287990510907 avg: 0.8409429330170303 count: 3.0
[Feb 17 10:52:50] DEBUG (SimpleDIASApplication.java:257) -  nodeidx1 sum: 2.5228287990510907 avg: 0.8409429330170303 count: 3.0
[Feb 17 10:52:51] DEBUG (SimpleDIASApplication.java:257) -  nodeidx1 sum: 2.5228287990510907 avg: 0.8409429330170303 count: 3.0
[Feb 17 10:52:52] DEBUG (SimpleDIASApplication.java:257) -  nodeidx1 sum: 2.5228287990510907 avg: 0.8409429330170303 count: 3.0
[Feb 17 10:52:53] DEBUG (SimpleDIASApplication.java:257) -  nodeidx1 sum: 2.5228287990510907 avg: 0.8409429330170303 count: 3.0
[Feb 17 10:52:54] DEBUG (SimpleDIASApplication.java:257) -  nodeidx1 sum: 2.5228287990510907 avg: 0.8409429330170303 count: 3.0
[Feb 17 10:52:55] DEBUG (SimpleDIASApplication.java:257) -  nodeidx1 sum: 2.5228287990510907 avg: 0.8409429330170303 count: 3.0
[Feb 17 10:52:56] DEBUG (SimpleDIASApplication.java:257) -  nodeidx1 sum: 2.5228287990510907 avg: 0.8409429330170303 count: 3.0
[Feb 17 10:52:57] DEBUG (SimpleDIASApplication.java:257) -  nodeidx1 sum: 2.5228287990510907 avg: 0.8409429330170303 count: 3.0
[Feb 17 10:52:58] DEBUG (SimpleDIASApplication.java:257) -  nodeidx1 sum: 2.5228287990510907 avg: 0.8409429330170303 count: 3.0
[Feb 17 10:52:59] DEBUG (SimpleDIASApplication.java:257) -  nodeidx1 sum: 2.5228287990510907 avg: 0.8409429330170303 count: 3.0
[Feb 17 10:53:00] DEBUG (SimpleDIASApplication.java:257) -  nodeidx1 sum: 2.5228287990510907 avg: 0.8409429330170303 count: 3.0
[Feb 17 10:53:01] DEBUG (SimpleDIASApplication.java:257) -  nodeidx1 sum: 2.5228287990510907 avg: 0.8409429330170303 count: 3.0
[Feb 17 10:53:02] DEBUG (SimpleDIASApplication.java:257) -  nodeidx1 sum: 2.5228287990510907 avg: 0.8409429330170303 count: 3.0
[Feb 17 10:53:03] DEBUG (SimpleDIASApplication.java:257) -  nodeidx1 sum: 2.5228287990510907 avg: 0.8409429330170303 count: 3.0
[Feb 17 10:53:04] DEBUG (SimpleDIASApplication.java:257) -  nodeidx1 sum: 2.5228287990510907 avg: 0.8409429330170303 count: 3.0
[Feb 17 10:53:05] DEBUG (SimpleDIASApplication.java:257) -  nodeidx1 sum: 2.5228287990510907 avg: 0.8409429330170303 count: 3.0
[Feb 17 10:53:06] DEBUG (SimpleDIASApplication.java:257) -  nodeidx1 sum: 2.5228287990510907 avg: 0.8409429330170303 count: 3.0
[Feb 17 10:53:07] DEBUG (SimpleDIASApplication.java:257) -  nodeidx1 sum: 2.5228287990510907 avg: 0.8409429330170303 count: 3.0
[Feb 17 10:53:08] DEBUG (SimpleDIASApplication.java:257) -  nodeidx1 sum: 2.5228287990510907 avg: 0.8409429330170303 count: 3.0
[Feb 17 10:53:09] DEBUG (SimpleDIASApplication.java:257) -  nodeidx1 sum: 2.5228287990510907 avg: 0.8409429330170303 count: 3.0
[Feb 17 10:53:10] DEBUG (SimpleDIASApplication.java:257) -  nodeidx1 sum: 2.5228287990510907 avg: 0.8409429330170303 count: 3.0
[Feb 17 10:53:11] DEBUG (SimpleDIASApplication.java:257) -  nodeidx1 sum: 2.5228287990510907 avg: 0.8409429330170303 count: 3.0
[Feb 17 10:53:12] DEBUG (SimpleDIASApplication.java:257) -  nodeidx1 sum: 2.5228287990510907 avg: 0.8409429330170303 count: 3.0
[Feb 17 10:53:13] DEBUG (SimpleDIASApplication.java:257) -  nodeidx1 sum: 2.5228287990510907 avg: 0.8409429330170303 count: 3.0
[Feb 17 10:53:14] DEBUG (SimpleDIASApplication.java:257) -  nodeidx1 sum: 2.5228287990510907 avg: 0.8409429330170303 count: 3.0
[Feb 17 10:53:15] DEBUG (SimpleDIASApplication.java:257) -  nodeidx1 sum: 2.5228287990510907 avg: 0.8409429330170303 count: 3.0
[Feb 17 10:53:16] DEBUG (SimpleDIASApplication.java:257) -  nodeidx1 sum: 2.5228287990510907 avg: 0.8409429330170303 count: 3.0
[Feb 17 10:53:17] DEBUG (SimpleDIASApplication.java:257) -  nodeidx1 sum: 1.3357950709668054 avg: 0.4452650236556018 count: 3.0
[Feb 17 10:53:18] DEBUG (SimpleDIASApplication.java:257) -  nodeidx1 sum: 0.5571910050799176 avg: 0.1857303350266392 count: 3.0
[Feb 17 10:53:19] DEBUG (SimpleDIASApplication.java:257) -  nodeidx1 sum: 0.5571910050799176 avg: 0.1857303350266392 count: 3.0
[Feb 17 10:53:20] DEBUG (SimpleDIASApplication.java:257) -  nodeidx1 sum: 0.5571910050799176 avg: 0.1857303350266392 count: 3.0
[Feb 17 10:53:21] DEBUG (SimpleDIASApplication.java:257) -  nodeidx1 sum: 0.5571910050799176 avg: 0.1857303350266392 count: 3.0
[Feb 17 10:53:22] DEBUG (SimpleDIASApplication.java:257) -  nodeidx1 sum: 0.5571910050799176 avg: 0.1857303350266392 count: 3.0
[Feb 17 10:53:23] DEBUG (SimpleDIASApplication.java:257) -  nodeidx1 sum: 0.5571910050799176 avg: 0.1857303350266392 count: 3.0
[Feb 17 10:53:24] DEBUG (SimpleDIASApplication.java:257) -  nodeidx1 sum: 0.5571910050799176 avg: 0.1857303350266392 count: 3.0
[Feb 17 10:53:25] DEBUG (SimpleDIASApplication.java:257) -  nodeidx1 sum: 0.5571910050799176 avg: 0.1857303350266392 count: 3.0
[Feb 17 10:53:26] DEBUG (SimpleDIASApplication.java:257) -  nodeidx1 sum: 0.5571910050799176 avg: 0.1857303350266392 count: 3.0
[Feb 17 10:53:27] DEBUG (SimpleDIASApplication.java:257) -  nodeidx1 sum: 0.5571910050799176 avg: 0.1857303350266392 count: 3.0
[Feb 17 10:53:28] DEBUG (SimpleDIASApplication.java:257) -  nodeidx1 sum: 0.5571910050799176 avg: 0.1857303350266392 count: 3.0
[Feb 17 10:53:29] DEBUG (SimpleDIASApplication.java:257) -  nodeidx1 sum: 0.5571910050799176 avg: 0.1857303350266392 count: 3.0
[Feb 17 10:53:30] DEBUG (SimpleDIASApplication.java:257) -  nodeidx1 sum: 0.5571910050799176 avg: 0.1857303350266392 count: 3.0
[Feb 17 10:53:31] DEBUG (SimpleDIASApplication.java:257) -  nodeidx1 sum: 0.5571910050799176 avg: 0.1857303350266392 count: 3.0
[Feb 17 10:53:32] DEBUG (SimpleDIASApplication.java:257) -  nodeidx1 sum: 0.5571910050799176 avg: 0.1857303350266392 count: 3.0
[Feb 17 10:53:33] DEBUG (SimpleDIASApplication.java:257) -  nodeidx1 sum: 0.5571910050799176 avg: 0.1857303350266392 count: 3.0
[Feb 17 10:53:34] DEBUG (SimpleDIASApplication.java:257) -  nodeidx1 sum: 0.5571910050799176 avg: 0.1857303350266392 count: 3.0
[Feb 17 10:53:35] DEBUG (SimpleDIASApplication.java:257) -  nodeidx1 sum: 0.5571910050799176 avg: 0.1857303350266392 count: 3.0
[Feb 17 10:53:36] DEBUG (SimpleDIASApplication.java:257) -  nodeidx1 sum: 0.5571910050799176 avg: 0.1857303350266392 count: 3.0
[Feb 17 10:53:37] DEBUG (SimpleDIASApplication.java:257) -  nodeidx1 sum: 0.5571910050799176 avg: 0.1857303350266392 count: 3.0
[Feb 17 10:53:38] DEBUG (SimpleDIASApplication.java:257) -  nodeidx1 sum: 0.5571910050799176 avg: 0.1857303350266392 count: 3.0
[Feb 17 10:53:39] DEBUG (SimpleDIASApplication.java:257) -  nodeidx1 sum: 0.5571910050799176 avg: 0.1857303350266392 count: 3.0
[Feb 17 10:53:40] DEBUG (SimpleDIASApplication.java:257) -  nodeidx1 sum: 0.5571910050799176 avg: 0.1857303350266392 count: 3.0
[Feb 17 10:53:41] DEBUG (SimpleDIASApplication.java:257) -  nodeidx1 sum: 0.5571910050799176 avg: 0.1857303350266392 count: 3.0
[Feb 17 10:53:42] DEBUG (SimpleDIASApplication.java:257) -  nodeidx1 sum: 0.5571910050799176 avg: 0.1857303350266392 count: 3.0
[Feb 17 10:53:43] DEBUG (SimpleDIASApplication.java:257) -  nodeidx1 sum: 0.5571910050799176 avg: 0.1857303350266392 count: 3.0
[Feb 17 10:53:44] DEBUG (SimpleDIASApplication.java:257) -  nodeidx1 sum: 0.5571910050799176 avg: 0.1857303350266392 count: 3.0
[Feb 17 10:53:45] DEBUG (SimpleDIASApplication.java:257) -  nodeidx1 sum: 0.5571910050799176 avg: 0.1857303350266392 count: 3.0
[Feb 17 10:53:46] DEBUG (SimpleDIASApplication.java:257) -  nodeidx1 sum: 0.5571910050799176 avg: 0.1857303350266392 count: 3.0
[Feb 17 10:53:47] DEBUG (SimpleDIASApplication.java:257) -  nodeidx1 sum: 0.5571910050799176 avg: 0.1857303350266392 count: 3.0
[Feb 17 10:53:48] DEBUG (SimpleDIASApplication.java:257) -  nodeidx1 sum: 0.5571910050799176 avg: 0.1857303350266392 count: 3.0
[Feb 17 10:53:49] DEBUG (SimpleDIASApplication.java:257) -  nodeidx1 sum: 0.5571910050799176 avg: 0.1857303350266392 count: 3.0
[Feb 17 10:53:50] DEBUG (SimpleDIASApplication.java:257) -  nodeidx1 sum: 0.5571910050799176 avg: 0.1857303350266392 count: 3.0
[Feb 17 10:53:51] DEBUG (SimpleDIASApplication.java:257) -  nodeidx1 sum: 0.5571910050799176 avg: 0.1857303350266392 count: 3.0
[Feb 17 10:53:52] DEBUG (SimpleDIASApplication.java:257) -  nodeidx1 sum: 0.5571910050799176 avg: 0.1857303350266392 count: 3.0
[Feb 17 10:53:53] DEBUG (SimpleDIASApplication.java:257) -  nodeidx1 sum: 0.5571910050799176 avg: 0.1857303350266392 count: 3.0
[Feb 17 10:53:54] DEBUG (SimpleDIASApplication.java:257) -  nodeidx1 sum: 0.5571910050799176 avg: 0.1857303350266392 count: 3.0
[Feb 17 10:53:55] DEBUG (SimpleDIASApplication.java:257) -  nodeidx1 sum: 0.5571910050799176 avg: 0.1857303350266392 count: 3.0
[Feb 17 10:53:56] DEBUG (SimpleDIASApplication.java:257) -  nodeidx1 sum: 0.5571910050799176 avg: 0.1857303350266392 count: 3.0
[Feb 17 10:53:57] DEBUG (SimpleDIASApplication.java:257) -  nodeidx1 sum: 0.5571910050799176 avg: 0.1857303350266392 count: 3.0
[Feb 17 10:53:58] DEBUG (SimpleDIASApplication.java:257) -  nodeidx1 sum: 0.5571910050799176 avg: 0.1857303350266392 count: 3.0
[Feb 17 10:53:59] DEBUG (SimpleDIASApplication.java:257) -  nodeidx1 sum: 0.5571910050799176 avg: 0.1857303350266392 count: 3.0
[Feb 17 10:54:00] DEBUG (SimpleDIASApplication.java:257) -  nodeidx1 sum: 0.5571910050799176 avg: 0.1857303350266392 count: 3.0
[Feb 17 10:54:01] DEBUG (SimpleDIASApplication.java:257) -  nodeidx1 sum: 0.5571910050799176 avg: 0.1857303350266392 count: 3.0
[Feb 17 10:54:02] DEBUG (SimpleDIASApplication.java:257) -  nodeidx1 sum: 0.5571910050799176 avg: 0.1857303350266392 count: 3.0
[Feb 17 10:54:03] DEBUG (SimpleDIASApplication.java:257) -  nodeidx1 sum: 0.5571910050799176 avg: 0.1857303350266392 count: 3.0
[Feb 17 10:54:04] DEBUG (SimpleDIASApplication.java:257) -  nodeidx1 sum: 0.5571910050799176 avg: 0.1857303350266392 count: 3.0
[Feb 17 10:54:05] DEBUG (SimpleDIASApplication.java:257) -  nodeidx1 sum: 0.5571910050799176 avg: 0.1857303350266392 count: 3.0
[Feb 17 10:54:06] DEBUG (SimpleDIASApplication.java:257) -  nodeidx1 sum: 0.5571910050799176 avg: 0.1857303350266392 count: 3.0
[Feb 17 10:54:07] DEBUG (SimpleDIASApplication.java:257) -  nodeidx1 sum: 0.5571910050799176 avg: 0.1857303350266392 count: 3.0
[Feb 17 10:54:08] DEBUG (SimpleDIASApplication.java:257) -  nodeidx1 sum: 0.5571910050799176 avg: 0.1857303350266392 count: 3.0
[Feb 17 10:54:09] DEBUG (SimpleDIASApplication.java:257) -  nodeidx1 sum: 0.5571910050799176 avg: 0.1857303350266392 count: 3.0
[Feb 17 10:54:10] DEBUG (SimpleDIASApplication.java:257) -  nodeidx1 sum: 0.5571910050799176 avg: 0.1857303350266392 count: 3.0
[Feb 17 10:54:11] DEBUG (SimpleDIASApplication.java:257) -  nodeidx1 sum: 0.5571910050799176 avg: 0.1857303350266392 count: 3.0
[Feb 17 10:54:12] DEBUG (SimpleDIASApplication.java:257) -  nodeidx1 sum: 0.5571910050799176 avg: 0.1857303350266392 count: 3.0
[Feb 17 10:54:13] DEBUG (SimpleDIASApplication.java:257) -  nodeidx1 sum: 0.5571910050799176 avg: 0.1857303350266392 count: 3.0
[Feb 17 10:54:14] DEBUG (SimpleDIASApplication.java:257) -  nodeidx1 sum: 0.5571910050799176 avg: 0.1857303350266392 count: 3.0
[Feb 17 10:54:15] DEBUG (SimpleDIASApplication.java:257) -  nodeidx1 sum: 0.5571910050799176 avg: 0.1857303350266392 count: 3.0
[Feb 17 10:54:16] DEBUG (SimpleDIASApplication.java:257) -  nodeidx1 sum: 0.5571910050799176 avg: 0.1857303350266392 count: 3.0
[Feb 17 10:54:17] DEBUG (SimpleDIASApplication.java:257) -  nodeidx1 sum: 0.5571910050799176 avg: 0.1857303350266392 count: 3.0
[Feb 17 10:54:18] DEBUG (SimpleDIASApplication.java:257) -  nodeidx1 sum: 0.5571910050799176 avg: 0.1857303350266392 count: 3.0
[Feb 17 10:54:19] DEBUG (SimpleDIASApplication.java:257) -  nodeidx1 sum: 0.5571910050799176 avg: 0.1857303350266392 count: 3.0
[Feb 17 10:54:20] DEBUG (SimpleDIASApplication.java:257) -  nodeidx1 sum: 0.5571910050799176 avg: 0.1857303350266392 count: 3.0
[Feb 17 10:54:21] DEBUG (SimpleDIASApplication.java:257) -  nodeidx1 sum: 0.5571910050799176 avg: 0.1857303350266392 count: 3.0
[Feb 17 10:54:22] DEBUG (SimpleDIASApplication.java:257) -  nodeidx1 sum: 0.5571910050799176 avg: 0.1857303350266392 count: 3.0
[Feb 17 10:54:23] DEBUG (SimpleDIASApplication.java:257) -  nodeidx1 sum: 0.5571910050799176 avg: 0.1857303350266392 count: 3.0
[Feb 17 10:54:24] DEBUG (SimpleDIASApplication.java:257) -  nodeidx1 sum: 0.5571910050799176 avg: 0.1857303350266392 count: 3.0
[Feb 17 10:54:25] DEBUG (SimpleDIASApplication.java:257) -  nodeidx1 sum: 0.5571910050799176 avg: 0.1857303350266392 count: 3.0
[Feb 17 10:54:26] DEBUG (SimpleDIASApplication.java:257) -  nodeidx1 sum: 0.5571910050799176 avg: 0.1857303350266392 count: 3.0
[Feb 17 10:54:27] DEBUG (SimpleDIASApplication.java:257) -  nodeidx1 sum: 0.5571910050799176 avg: 0.1857303350266392 count: 3.0
[Feb 17 10:54:28] DEBUG (SimpleDIASApplication.java:257) -  nodeidx1 sum: 0.5571910050799176 avg: 0.1857303350266392 count: 3.0
[Feb 17 10:54:29] DEBUG (SimpleDIASApplication.java:257) -  nodeidx1 sum: 0.5571910050799176 avg: 0.1857303350266392 count: 3.0
[Feb 17 10:54:30] DEBUG (SimpleDIASApplication.java:257) -  nodeidx1 sum: 0.5571910050799176 avg: 0.1857303350266392 count: 3.0
[Feb 17 10:54:31] DEBUG (SimpleDIASApplication.java:257) -  nodeidx1 sum: 0.5571910050799176 avg: 0.1857303350266392 count: 3.0
[Feb 17 10:54:32] DEBUG (SimpleDIASApplication.java:257) -  nodeidx1 sum: 0.5571910050799176 avg: 0.1857303350266392 count: 3.0
[Feb 17 10:54:33] DEBUG (SimpleDIASApplication.java:257) -  nodeidx1 sum: 0.5571910050799176 avg: 0.1857303350266392 count: 3.0
[Feb 17 10:54:34] DEBUG (SimpleDIASApplication.java:257) -  nodeidx1 sum: 0.5571910050799176 avg: 0.1857303350266392 count: 3.0
[Feb 17 10:54:35] DEBUG (SimpleDIASApplication.java:257) -  nodeidx1 sum: 0.5571910050799176 avg: 0.1857303350266392 count: 3.0
[Feb 17 10:54:36] DEBUG (SimpleDIASApplication.java:257) -  nodeidx1 sum: 0.5571910050799176 avg: 0.1857303350266392 count: 3.0
[Feb 17 10:54:37] DEBUG (SimpleDIASApplication.java:257) -  nodeidx1 sum: 0.5571910050799176 avg: 0.1857303350266392 count: 3.0
[Feb 17 10:54:38] DEBUG (SimpleDIASApplication.java:257) -  nodeidx1 sum: 0.5571910050799176 avg: 0.1857303350266392 count: 3.0
[Feb 17 10:54:39] DEBUG (SimpleDIASApplication.java:257) -  nodeidx1 sum: 0.5571910050799176 avg: 0.1857303350266392 count: 3.0
[Feb 17 10:54:40] DEBUG (SimpleDIASApplication.java:257) -  nodeidx1 sum: 0.5571910050799176 avg: 0.1857303350266392 count: 3.0
[Feb 17 10:54:41] DEBUG (SimpleDIASApplication.java:257) -  nodeidx1 sum: 0.5571910050799176 avg: 0.1857303350266392 count: 3.0
[Feb 17 10:54:42] DEBUG (SimpleDIASApplication.java:257) -  nodeidx1 sum: 0.5571910050799176 avg: 0.1857303350266392 count: 3.0
[Feb 17 10:54:43] DEBUG (SimpleDIASApplication.java:257) -  nodeidx1 sum: 0.5571910050799176 avg: 0.1857303350266392 count: 3.0
[Feb 17 10:54:44] DEBUG (SimpleDIASApplication.java:257) -  nodeidx1 sum: 0.5571910050799176 avg: 0.1857303350266392 count: 3.0
[Feb 17 10:54:45] DEBUG (SimpleDIASApplication.java:257) -  nodeidx1 sum: 0.5571910050799176 avg: 0.1857303350266392 count: 3.0
[Feb 17 10:54:46] DEBUG (SimpleDIASApplication.java:257) -  nodeidx1 sum: 0.5571910050799176 avg: 0.1857303350266392 count: 3.0
[Feb 17 10:54:47] DEBUG (SimpleDIASApplication.java:257) -  nodeidx1 sum: 0.5571910050799176 avg: 0.1857303350266392 count: 3.0
[Feb 17 10:54:48] DEBUG (SimpleDIASApplication.java:257) -  nodeidx1 sum: 0.5571910050799176 avg: 0.1857303350266392 count: 3.0
[Feb 17 10:54:49] DEBUG (SimpleDIASApplication.java:257) -  nodeidx1 sum: 0.5571910050799176 avg: 0.1857303350266392 count: 3.0
[Feb 17 10:54:50] DEBUG (SimpleDIASApplication.java:257) -  nodeidx1 sum: 0.5571910050799176 avg: 0.1857303350266392 count: 3.0
[Feb 17 10:54:51] DEBUG (SimpleDIASApplication.java:257) -  nodeidx1 sum: 0.5571910050799176 avg: 0.1857303350266392 count: 3.0
[Feb 17 10:54:52] DEBUG (SimpleDIASApplication.java:257) -  nodeidx1 sum: 0.5571910050799176 avg: 0.1857303350266392 count: 3.0
[Feb 17 10:54:53] DEBUG (SimpleDIASApplication.java:257) -  nodeidx1 sum: 0.5571910050799176 avg: 0.1857303350266392 count: 3.0
[Feb 17 10:54:54] DEBUG (SimpleDIASApplication.java:257) -  nodeidx1 sum: 0.5571910050799176 avg: 0.1857303350266392 count: 3.0
[Feb 17 10:54:55] DEBUG (SimpleDIASApplication.java:257) -  nodeidx1 sum: 0.5571910050799176 avg: 0.1857303350266392 count: 3.0
[Feb 17 10:54:56] DEBUG (SimpleDIASApplication.java:257) -  nodeidx1 sum: 0.5571910050799176 avg: 0.1857303350266392 count: 3.0
[Feb 17 10:54:57] DEBUG (SimpleDIASApplication.java:257) -  nodeidx1 sum: 1.6302210556375154 avg: 0.5434070185458385 count: 3.0
[Feb 17 10:54:58] DEBUG (SimpleDIASApplication.java:257) -  nodeidx1 sum: 2.310769115723822 avg: 0.7702563719079407 count: 3.0
[Feb 17 10:54:59] DEBUG (SimpleDIASApplication.java:257) -  nodeidx1 sum: 2.310769115723822 avg: 0.7702563719079407 count: 3.0
[Feb 17 10:55:00] DEBUG (SimpleDIASApplication.java:257) -  nodeidx1 sum: 2.310769115723822 avg: 0.7702563719079407 count: 3.0
[Feb 17 10:55:01] DEBUG (SimpleDIASApplication.java:257) -  nodeidx1 sum: 2.310769115723822 avg: 0.7702563719079407 count: 3.0
[Feb 17 10:55:02] DEBUG (SimpleDIASApplication.java:257) -  nodeidx1 sum: 2.310769115723822 avg: 0.7702563719079407 count: 3.0
[Feb 17 10:55:03] DEBUG (SimpleDIASApplication.java:257) -  nodeidx1 sum: 2.310769115723822 avg: 0.7702563719079407 count: 3.0
[Feb 17 10:55:04] DEBUG (SimpleDIASApplication.java:257) -  nodeidx1 sum: 2.310769115723822 avg: 0.7702563719079407 count: 3.0
[Feb 17 10:55:05] DEBUG (SimpleDIASApplication.java:257) -  nodeidx1 sum: 2.310769115723822 avg: 0.7702563719079407 count: 3.0
[Feb 17 10:55:06] DEBUG (SimpleDIASApplication.java:257) -  nodeidx1 sum: 2.310769115723822 avg: 0.7702563719079407 count: 3.0
[Feb 17 10:55:07] DEBUG (SimpleDIASApplication.java:257) -  nodeidx1 sum: 2.310769115723822 avg: 0.7702563719079407 count: 3.0
[Feb 17 10:55:08] DEBUG (SimpleDIASApplication.java:257) -  nodeidx1 sum: 2.310769115723822 avg: 0.7702563719079407 count: 3.0
[Feb 17 10:55:09] DEBUG (SimpleDIASApplication.java:257) -  nodeidx1 sum: 2.310769115723822 avg: 0.7702563719079407 count: 3.0
[Feb 17 10:55:10] DEBUG (SimpleDIASApplication.java:257) -  nodeidx1 sum: 2.310769115723822 avg: 0.7702563719079407 count: 3.0
[Feb 17 10:55:11] DEBUG (SimpleDIASApplication.java:257) -  nodeidx1 sum: 2.310769115723822 avg: 0.7702563719079407 count: 3.0
[Feb 17 10:55:12] DEBUG (SimpleDIASApplication.java:257) -  nodeidx1 sum: 2.310769115723822 avg: 0.7702563719079407 count: 3.0
[Feb 17 10:55:13] DEBUG (SimpleDIASApplication.java:257) -  nodeidx1 sum: 2.310769115723822 avg: 0.7702563719079407 count: 3.0
[Feb 17 10:55:14] DEBUG (SimpleDIASApplication.java:257) -  nodeidx1 sum: 2.310769115723822 avg: 0.7702563719079407 count: 3.0
[Feb 17 10:55:15] DEBUG (SimpleDIASApplication.java:257) -  nodeidx1 sum: 2.310769115723822 avg: 0.7702563719079407 count: 3.0
[Feb 17 10:55:16] DEBUG (SimpleDIASApplication.java:257) -  nodeidx1 sum: 2.310769115723822 avg: 0.7702563719079407 count: 3.0
[Feb 17 10:55:17] DEBUG (SimpleDIASApplication.java:257) -  nodeidx1 sum: 2.310769115723822 avg: 0.7702563719079407 count: 3.0
[Feb 17 10:55:18] DEBUG (SimpleDIASApplication.java:257) -  nodeidx1 sum: 2.310769115723822 avg: 0.7702563719079407 count: 3.0
[Feb 17 10:55:19] DEBUG (SimpleDIASApplication.java:257) -  nodeidx1 sum: 2.310769115723822 avg: 0.7702563719079407 count: 3.0
[Feb 17 10:55:20] DEBUG (SimpleDIASApplication.java:257) -  nodeidx1 sum: 2.310769115723822 avg: 0.7702563719079407 count: 3.0
[Feb 17 10:55:21] DEBUG (SimpleDIASApplication.java:257) -  nodeidx1 sum: 2.310769115723822 avg: 0.7702563719079407 count: 3.0
[Feb 17 10:55:22] DEBUG (SimpleDIASApplication.java:257) -  nodeidx1 sum: 2.310769115723822 avg: 0.7702563719079407 count: 3.0
[Feb 17 10:55:23] DEBUG (SimpleDIASApplication.java:257) -  nodeidx1 sum: 2.310769115723822 avg: 0.7702563719079407 count: 3.0
[Feb 17 10:55:24] DEBUG (SimpleDIASApplication.java:257) -  nodeidx1 sum: 2.310769115723822 avg: 0.7702563719079407 count: 3.0
[Feb 17 10:55:25] DEBUG (SimpleDIASApplication.java:257) -  nodeidx1 sum: 2.310769115723822 avg: 0.7702563719079407 count: 3.0
[Feb 17 10:55:26] DEBUG (SimpleDIASApplication.java:257) -  nodeidx1 sum: 2.310769115723822 avg: 0.7702563719079407 count: 3.0
[Feb 17 10:55:27] DEBUG (SimpleDIASApplication.java:257) -  nodeidx1 sum: 2.310769115723822 avg: 0.7702563719079407 count: 3.0
[Feb 17 10:55:28] DEBUG (SimpleDIASApplication.java:257) -  nodeidx1 sum: 2.310769115723822 avg: 0.7702563719079407 count: 3.0
[Feb 17 10:55:29] DEBUG (SimpleDIASApplication.java:257) -  nodeidx1 sum: 2.310769115723822 avg: 0.7702563719079407 count: 3.0
[Feb 17 10:55:30] DEBUG (SimpleDIASApplication.java:257) -  nodeidx1 sum: 2.310769115723822 avg: 0.7702563719079407 count: 3.0
[Feb 17 10:55:31] DEBUG (SimpleDIASApplication.java:257) -  nodeidx1 sum: 2.310769115723822 avg: 0.7702563719079407 count: 3.0
[Feb 17 10:55:32] DEBUG (SimpleDIASApplication.java:257) -  nodeidx1 sum: 2.310769115723822 avg: 0.7702563719079407 count: 3.0
[Feb 17 10:55:33] DEBUG (SimpleDIASApplication.java:257) -  nodeidx1 sum: 2.310769115723822 avg: 0.7702563719079407 count: 3.0
[Feb 17 10:55:34] DEBUG (SimpleDIASApplication.java:257) -  nodeidx1 sum: 2.310769115723822 avg: 0.7702563719079407 count: 3.0
[Feb 17 10:55:35] DEBUG (SimpleDIASApplication.java:257) -  nodeidx1 sum: 2.310769115723822 avg: 0.7702563719079407 count: 3.0
[Feb 17 10:55:36] DEBUG (SimpleDIASApplication.java:257) -  nodeidx1 sum: 2.310769115723822 avg: 0.7702563719079407 count: 3.0
[Feb 17 10:55:37] DEBUG (SimpleDIASApplication.java:257) -  nodeidx1 sum: 2.310769115723822 avg: 0.7702563719079407 count: 3.0
[Feb 17 10:55:38] DEBUG (SimpleDIASApplication.java:257) -  nodeidx1 sum: 2.310769115723822 avg: 0.7702563719079407 count: 3.0
[Feb 17 10:55:39] DEBUG (SimpleDIASApplication.java:257) -  nodeidx1 sum: 2.310769115723822 avg: 0.7702563719079407 count: 3.0
[Feb 17 10:55:40] DEBUG (SimpleDIASApplication.java:257) -  nodeidx1 sum: 2.310769115723822 avg: 0.7702563719079407 count: 3.0
[Feb 17 10:55:41] DEBUG (SimpleDIASApplication.java:257) -  nodeidx1 sum: 2.310769115723822 avg: 0.7702563719079407 count: 3.0
[Feb 17 10:55:42] DEBUG (SimpleDIASApplication.java:257) -  nodeidx1 sum: 2.310769115723822 avg: 0.7702563719079407 count: 3.0
[Feb 17 10:55:43] DEBUG (SimpleDIASApplication.java:257) -  nodeidx1 sum: 2.310769115723822 avg: 0.7702563719079407 count: 3.0
[Feb 17 10:55:44] DEBUG (SimpleDIASApplication.java:257) -  nodeidx1 sum: 2.310769115723822 avg: 0.7702563719079407 count: 3.0
[Feb 17 10:55:45] DEBUG (SimpleDIASApplication.java:257) -  nodeidx1 sum: 2.310769115723822 avg: 0.7702563719079407 count: 3.0
[Feb 17 10:55:46] DEBUG (SimpleDIASApplication.java:257) -  nodeidx1 sum: 2.310769115723822 avg: 0.7702563719079407 count: 3.0
[Feb 17 10:55:47] DEBUG (SimpleDIASApplication.java:257) -  nodeidx1 sum: 2.310769115723822 avg: 0.7702563719079407 count: 3.0
[Feb 17 10:55:48] DEBUG (SimpleDIASApplication.java:257) -  nodeidx1 sum: 2.310769115723822 avg: 0.7702563719079407 count: 3.0
[Feb 17 10:55:49] DEBUG (SimpleDIASApplication.java:257) -  nodeidx1 sum: 2.310769115723822 avg: 0.7702563719079407 count: 3.0
[Feb 17 10:55:50] DEBUG (SimpleDIASApplication.java:257) -  nodeidx1 sum: 2.310769115723822 avg: 0.7702563719079407 count: 3.0
[Feb 17 10:55:51] DEBUG (SimpleDIASApplication.java:257) -  nodeidx1 sum: 2.310769115723822 avg: 0.7702563719079407 count: 3.0
[Feb 17 10:55:52] DEBUG (SimpleDIASApplication.java:257) -  nodeidx1 sum: 2.310769115723822 avg: 0.7702563719079407 count: 3.0
[Feb 17 10:55:53] DEBUG (SimpleDIASApplication.java:257) -  nodeidx1 sum: 2.310769115723822 avg: 0.7702563719079407 count: 3.0
[Feb 17 10:55:54] DEBUG (SimpleDIASApplication.java:257) -  nodeidx1 sum: 2.310769115723822 avg: 0.7702563719079407 count: 3.0
[Feb 17 10:55:55] DEBUG (SimpleDIASApplication.java:257) -  nodeidx1 sum: 2.310769115723822 avg: 0.7702563719079407 count: 3.0
[Feb 17 10:55:56] DEBUG (SimpleDIASApplication.java:257) -  nodeidx1 sum: 2.310769115723822 avg: 0.7702563719079407 count: 3.0
[Feb 17 10:55:57] DEBUG (SimpleDIASApplication.java:257) -  nodeidx1 sum: 2.310769115723822 avg: 0.7702563719079407 count: 3.0
[Feb 17 10:55:58] DEBUG (SimpleDIASApplication.java:257) -  nodeidx1 sum: 2.310769115723822 avg: 0.7702563719079407 count: 3.0
[Feb 17 10:55:59] DEBUG (SimpleDIASApplication.java:257) -  nodeidx1 sum: 2.310769115723822 avg: 0.7702563719079407 count: 3.0
[Feb 17 10:56:00] DEBUG (SimpleDIASApplication.java:257) -  nodeidx1 sum: 2.310769115723822 avg: 0.7702563719079407 count: 3.0
[Feb 17 10:56:01] DEBUG (SimpleDIASApplication.java:257) -  nodeidx1 sum: 2.310769115723822 avg: 0.7702563719079407 count: 3.0
[Feb 17 10:56:02] DEBUG (SimpleDIASApplication.java:257) -  nodeidx1 sum: 2.310769115723822 avg: 0.7702563719079407 count: 3.0
[Feb 17 10:56:03] DEBUG (SimpleDIASApplication.java:257) -  nodeidx1 sum: 2.310769115723822 avg: 0.7702563719079407 count: 3.0
[Feb 17 10:56:04] DEBUG (SimpleDIASApplication.java:257) -  nodeidx1 sum: 2.310769115723822 avg: 0.7702563719079407 count: 3.0
[Feb 17 10:56:05] DEBUG (SimpleDIASApplication.java:257) -  nodeidx1 sum: 2.310769115723822 avg: 0.7702563719079407 count: 3.0
[Feb 17 10:56:06] DEBUG (SimpleDIASApplication.java:257) -  nodeidx1 sum: 2.310769115723822 avg: 0.7702563719079407 count: 3.0
[Feb 17 10:56:07] DEBUG (SimpleDIASApplication.java:257) -  nodeidx1 sum: 2.310769115723822 avg: 0.7702563719079407 count: 3.0
[Feb 17 10:56:08] DEBUG (SimpleDIASApplication.java:257) -  nodeidx1 sum: 2.310769115723822 avg: 0.7702563719079407 count: 3.0
[Feb 17 10:56:09] DEBUG (SimpleDIASApplication.java:257) -  nodeidx1 sum: 2.310769115723822 avg: 0.7702563719079407 count: 3.0
[Feb 17 10:56:10] DEBUG (SimpleDIASApplication.java:257) -  nodeidx1 sum: 2.310769115723822 avg: 0.7702563719079407 count: 3.0
[Feb 17 10:56:11] DEBUG (SimpleDIASApplication.java:257) -  nodeidx1 sum: 2.310769115723822 avg: 0.7702563719079407 count: 3.0
[Feb 17 10:56:12] DEBUG (SimpleDIASApplication.java:257) -  nodeidx1 sum: 2.310769115723822 avg: 0.7702563719079407 count: 3.0
[Feb 17 10:56:13] DEBUG (SimpleDIASApplication.java:257) -  nodeidx1 sum: 2.310769115723822 avg: 0.7702563719079407 count: 3.0
[Feb 17 10:56:14] DEBUG (SimpleDIASApplication.java:257) -  nodeidx1 sum: 2.310769115723822 avg: 0.7702563719079407 count: 3.0
[Feb 17 10:56:15] DEBUG (SimpleDIASApplication.java:257) -  nodeidx1 sum: 2.310769115723822 avg: 0.7702563719079407 count: 3.0
[Feb 17 10:56:16] DEBUG (SimpleDIASApplication.java:257) -  nodeidx1 sum: 2.310769115723822 avg: 0.7702563719079407 count: 3.0
[Feb 17 10:56:17] DEBUG (SimpleDIASApplication.java:257) -  nodeidx1 sum: 2.310769115723822 avg: 0.7702563719079407 count: 3.0
[Feb 17 10:56:18] DEBUG (SimpleDIASApplication.java:257) -  nodeidx1 sum: 2.310769115723822 avg: 0.7702563719079407 count: 3.0
[Feb 17 10:56:19] DEBUG (SimpleDIASApplication.java:257) -  nodeidx1 sum: 2.310769115723822 avg: 0.7702563719079407 count: 3.0
[Feb 17 10:56:20] DEBUG (SimpleDIASApplication.java:257) -  nodeidx1 sum: 2.310769115723822 avg: 0.7702563719079407 count: 3.0
[Feb 17 10:56:21] DEBUG (SimpleDIASApplication.java:257) -  nodeidx1 sum: 2.310769115723822 avg: 0.7702563719079407 count: 3.0
[Feb 17 10:56:22] DEBUG (SimpleDIASApplication.java:257) -  nodeidx1 sum: 2.310769115723822 avg: 0.7702563719079407 count: 3.0
[Feb 17 10:56:23] DEBUG (SimpleDIASApplication.java:257) -  nodeidx1 sum: 2.310769115723822 avg: 0.7702563719079407 count: 3.0
[Feb 17 10:56:24] DEBUG (SimpleDIASApplication.java:257) -  nodeidx1 sum: 2.310769115723822 avg: 0.7702563719079407 count: 3.0
[Feb 17 10:56:25] DEBUG (SimpleDIASApplication.java:257) -  nodeidx1 sum: 2.310769115723822 avg: 0.7702563719079407 count: 3.0
[Feb 17 10:56:26] DEBUG (SimpleDIASApplication.java:257) -  nodeidx1 sum: 2.310769115723822 avg: 0.7702563719079407 count: 3.0
[Feb 17 10:56:27] DEBUG (SimpleDIASApplication.java:257) -  nodeidx1 sum: 2.310769115723822 avg: 0.7702563719079407 count: 3.0
[Feb 17 10:56:28] DEBUG (SimpleDIASApplication.java:257) -  nodeidx1 sum: 2.310769115723822 avg: 0.7702563719079407 count: 3.0
[Feb 17 10:56:29] DEBUG (SimpleDIASApplication.java:257) -  nodeidx1 sum: 2.310769115723822 avg: 0.7702563719079407 count: 3.0
[Feb 17 10:56:30] DEBUG (SimpleDIASApplication.java:257) -  nodeidx1 sum: 2.310769115723822 avg: 0.7702563719079407 count: 3.0
[Feb 17 10:56:31] DEBUG (SimpleDIASApplication.java:257) -  nodeidx1 sum: 2.310769115723822 avg: 0.7702563719079407 count: 3.0
[Feb 17 10:56:32] DEBUG (SimpleDIASApplication.java:257) -  nodeidx1 sum: 2.310769115723822 avg: 0.7702563719079407 count: 3.0
[Feb 17 10:56:33] DEBUG (SimpleDIASApplication.java:257) -  nodeidx1 sum: 2.310769115723822 avg: 0.7702563719079407 count: 3.0
[Feb 17 10:56:34] DEBUG (SimpleDIASApplication.java:257) -  nodeidx1 sum: 2.310769115723822 avg: 0.7702563719079407 count: 3.0
[Feb 17 10:56:35] DEBUG (SimpleDIASApplication.java:257) -  nodeidx1 sum: 2.310769115723822 avg: 0.7702563719079407 count: 3.0
[Feb 17 10:56:36] DEBUG (SimpleDIASApplication.java:257) -  nodeidx1 sum: 2.310769115723822 avg: 0.7702563719079407 count: 3.0
[Feb 17 10:56:37] DEBUG (SimpleDIASApplication.java:257) -  nodeidx1 sum: 1.477436195906808 avg: 0.49247873196893605 count: 3.0
[Feb 17 10:56:38] DEBUG (SimpleDIASApplication.java:257) -  nodeidx1 sum: 1.0622094959406967 avg: 0.35406983198023223 count: 3.0
[Feb 17 10:56:39] DEBUG (SimpleDIASApplication.java:257) -  nodeidx1 sum: 1.0622094959406967 avg: 0.35406983198023223 count: 3.0
[Feb 17 10:56:40] DEBUG (SimpleDIASApplication.java:257) -  nodeidx1 sum: 1.0622094959406967 avg: 0.35406983198023223 count: 3.0
[Feb 17 10:56:41] DEBUG (SimpleDIASApplication.java:257) -  nodeidx1 sum: 1.0622094959406967 avg: 0.35406983198023223 count: 3.0
