[Aug 31 18:13:43] DEBUG (BootstrapClient.java:83) - Sending BootstrapHello(src=/127.0.0.1:64632, srcID=0.21243317286307623) to /127.0.0.1:5555
[Aug 31 18:13:43] DEBUG (BootstrapClient.java:61) - InitializePeerMessage received: seqnum: 1 initialNeighbors: [(/127.0.0.1:5555, 0.6265399547094292), (/127.0.0.1:64634, 0.01570843942043254)]
[Aug 31 18:13:43] DEBUG (SimpleConnector.java:59) - received: ConnectionRequest(/127.0.0.1:5555,0.6265399547094292)
[Aug 31 18:13:43] DEBUG (SimpleConnector.java:72) - adding neighbor: (/127.0.0.1:5555, 0.6265399547094292)
[Aug 31 18:13:43] DEBUG (NeighborManager.java:82) - Adding neighbor: (/127.0.0.1:5555, 0.6265399547094292)
[Aug 31 18:13:43] DEBUG (SimpleDIASApplication.java:145) - started peer dump/live_3nodes_300s//0.21243317286307623 with state: State ID:2deb67b8-1fb0-46e0-9673-075d3f622773
 Properties:
  VALUE_STATE: 0.83567909202195

[Aug 31 18:13:43] DEBUG (SimpleConnector.java:59) - received: ConnectionRequest(/127.0.0.1:64634,0.01570843942043254)
[Aug 31 18:13:43] DEBUG (SimpleConnector.java:72) - adding neighbor: (/127.0.0.1:64634, 0.01570843942043254)
[Aug 31 18:13:43] DEBUG (NeighborManager.java:82) - Adding neighbor: (/127.0.0.1:64634, 0.01570843942043254)
[Aug 31 18:13:43] DEBUG (SimpleConnector.java:85) - received: ConnectionResponse(/127.0.0.1:5555, 0.6265399547094292)
[Aug 31 18:13:43] DEBUG (SimpleConnector.java:85) - received: ConnectionResponse(/127.0.0.1:64634, 0.01570843942043254)
[Aug 31 18:13:43] DEBUG (SimpleConnector.java:98) - adding neighbor: (/127.0.0.1:64634, 0.01570843942043254)
[Aug 31 18:13:43] DEBUG (NeighborManager.java:82) - Adding neighbor: (/127.0.0.1:64634, 0.01570843942043254)
[Aug 31 18:13:43] DEBUG (NeighborManager.java:62) - Neighbor exists already: (/127.0.0.1:64634, 0.01570843942043254)
[Aug 31 18:13:43] DEBUG (SimpleConnector.java:98) - adding neighbor: (/127.0.0.1:5555, 0.6265399547094292)
[Aug 31 18:13:43] DEBUG (NeighborManager.java:82) - Adding neighbor: (/127.0.0.1:5555, 0.6265399547094292)
[Aug 31 18:13:43] DEBUG (NeighborManager.java:62) - Neighbor exists already: (/127.0.0.1:5555, 0.6265399547094292)
[Aug 31 18:13:58] DEBUG (DIAS.java:291) - pidx 2 AggregateSum 0.83567909202195 SelectedState 0.8392450355678259
[Aug 31 18:13:59] DEBUG (SimpleDIASApplication.java:257) -  nodeidx2 sum: 1.674924127589776 avg: 0.837462063794888 count: 2.0
[Aug 31 18:13:59] DEBUG (DIAS.java:291) - pidx 2 AggregateSum 1.674924127589776 SelectedState 0.8609392511305798
[Aug 31 18:14:00] DEBUG (SimpleDIASApplication.java:257) -  nodeidx2 sum: 2.5358633787203555 avg: 0.8452877929067851 count: 3.0
[Aug 31 18:14:01] DEBUG (SimpleDIASApplication.java:257) -  nodeidx2 sum: 2.5358633787203555 avg: 0.8452877929067851 count: 3.0
[Aug 31 18:14:02] DEBUG (SimpleDIASApplication.java:257) -  nodeidx2 sum: 2.5358633787203555 avg: 0.8452877929067851 count: 3.0
[Aug 31 18:14:03] DEBUG (SimpleDIASApplication.java:257) -  nodeidx2 sum: 2.5358633787203555 avg: 0.8452877929067851 count: 3.0
[Aug 31 18:14:04] DEBUG (SimpleDIASApplication.java:257) -  nodeidx2 sum: 2.5358633787203555 avg: 0.8452877929067851 count: 3.0
[Aug 31 18:14:05] DEBUG (SimpleDIASApplication.java:257) -  nodeidx2 sum: 2.5358633787203555 avg: 0.8452877929067851 count: 3.0
[Aug 31 18:14:06] DEBUG (SimpleDIASApplication.java:257) -  nodeidx2 sum: 2.5358633787203555 avg: 0.8452877929067851 count: 3.0
[Aug 31 18:14:07] DEBUG (SimpleDIASApplication.java:257) -  nodeidx2 sum: 2.5358633787203555 avg: 0.8452877929067851 count: 3.0
[Aug 31 18:14:08] DEBUG (SimpleDIASApplication.java:257) -  nodeidx2 sum: 2.5358633787203555 avg: 0.8452877929067851 count: 3.0
[Aug 31 18:14:09] DEBUG (SimpleDIASApplication.java:257) -  nodeidx2 sum: 2.5358633787203555 avg: 0.8452877929067851 count: 3.0
[Aug 31 18:14:10] DEBUG (SimpleDIASApplication.java:257) -  nodeidx2 sum: 2.5358633787203555 avg: 0.8452877929067851 count: 3.0
[Aug 31 18:14:11] DEBUG (SimpleDIASApplication.java:257) -  nodeidx2 sum: 2.5358633787203555 avg: 0.8452877929067851 count: 3.0
[Aug 31 18:14:12] DEBUG (SimpleDIASApplication.java:257) -  nodeidx2 sum: 2.5358633787203555 avg: 0.8452877929067851 count: 3.0
[Aug 31 18:14:13] DEBUG (SimpleDIASApplication.java:257) -  nodeidx2 sum: 2.5358633787203555 avg: 0.8452877929067851 count: 3.0
[Aug 31 18:14:14] DEBUG (SimpleDIASApplication.java:257) -  nodeidx2 sum: 2.5358633787203555 avg: 0.8452877929067851 count: 3.0
[Aug 31 18:14:15] DEBUG (SimpleDIASApplication.java:257) -  nodeidx2 sum: 2.5358633787203555 avg: 0.8452877929067851 count: 3.0
[Aug 31 18:14:16] DEBUG (SimpleDIASApplication.java:257) -  nodeidx2 sum: 2.5358633787203555 avg: 0.8452877929067851 count: 3.0
[Aug 31 18:14:17] DEBUG (SimpleDIASApplication.java:257) -  nodeidx2 sum: 2.5358633787203555 avg: 0.8452877929067851 count: 3.0
[Aug 31 18:14:18] DEBUG (SimpleDIASApplication.java:257) -  nodeidx2 sum: 2.5358633787203555 avg: 0.8452877929067851 count: 3.0
[Aug 31 18:14:19] DEBUG (SimpleDIASApplication.java:257) -  nodeidx2 sum: 2.5358633787203555 avg: 0.8452877929067851 count: 3.0
[Aug 31 18:14:20] DEBUG (SimpleDIASApplication.java:257) -  nodeidx2 sum: 2.5358633787203555 avg: 0.8452877929067851 count: 3.0
[Aug 31 18:14:21] DEBUG (SimpleDIASApplication.java:257) -  nodeidx2 sum: 2.5358633787203555 avg: 0.8452877929067851 count: 3.0
[Aug 31 18:14:22] DEBUG (SimpleDIASApplication.java:257) -  nodeidx2 sum: 2.5358633787203555 avg: 0.8452877929067851 count: 3.0
[Aug 31 18:14:23] DEBUG (SimpleDIASApplication.java:257) -  nodeidx2 sum: 2.5358633787203555 avg: 0.8452877929067851 count: 3.0
[Aug 31 18:14:24] DEBUG (SimpleDIASApplication.java:257) -  nodeidx2 sum: 2.5358633787203555 avg: 0.8452877929067851 count: 3.0
[Aug 31 18:14:25] DEBUG (SimpleDIASApplication.java:257) -  nodeidx2 sum: 2.5358633787203555 avg: 0.8452877929067851 count: 3.0
[Aug 31 18:14:26] DEBUG (SimpleDIASApplication.java:257) -  nodeidx2 sum: 2.5358633787203555 avg: 0.8452877929067851 count: 3.0
[Aug 31 18:14:27] DEBUG (SimpleDIASApplication.java:257) -  nodeidx2 sum: 2.5358633787203555 avg: 0.8452877929067851 count: 3.0
[Aug 31 18:14:28] DEBUG (SimpleDIASApplication.java:257) -  nodeidx2 sum: 2.5358633787203555 avg: 0.8452877929067851 count: 3.0
[Aug 31 18:14:29] DEBUG (SimpleDIASApplication.java:257) -  nodeidx2 sum: 2.5358633787203555 avg: 0.8452877929067851 count: 3.0
[Aug 31 18:14:30] DEBUG (SimpleDIASApplication.java:257) -  nodeidx2 sum: 2.5358633787203555 avg: 0.8452877929067851 count: 3.0
[Aug 31 18:14:31] DEBUG (SimpleDIASApplication.java:257) -  nodeidx2 sum: 2.5358633787203555 avg: 0.8452877929067851 count: 3.0
[Aug 31 18:14:32] DEBUG (SimpleDIASApplication.java:257) -  nodeidx2 sum: 2.5358633787203555 avg: 0.8452877929067851 count: 3.0
[Aug 31 18:14:33] DEBUG (SimpleDIASApplication.java:257) -  nodeidx2 sum: 2.5358633787203555 avg: 0.8452877929067851 count: 3.0
[Aug 31 18:14:34] DEBUG (SimpleDIASApplication.java:257) -  nodeidx2 sum: 2.5358633787203555 avg: 0.8452877929067851 count: 3.0
[Aug 31 18:14:35] DEBUG (SimpleDIASApplication.java:257) -  nodeidx2 sum: 2.5358633787203555 avg: 0.8452877929067851 count: 3.0
[Aug 31 18:14:36] DEBUG (SimpleDIASApplication.java:257) -  nodeidx2 sum: 2.5358633787203555 avg: 0.8452877929067851 count: 3.0
[Aug 31 18:14:37] DEBUG (SimpleDIASApplication.java:257) -  nodeidx2 sum: 2.5358633787203555 avg: 0.8452877929067851 count: 3.0
[Aug 31 18:14:38] DEBUG (SimpleDIASApplication.java:257) -  nodeidx2 sum: 2.5358633787203555 avg: 0.8452877929067851 count: 3.0
[Aug 31 18:14:39] DEBUG (SimpleDIASApplication.java:257) -  nodeidx2 sum: 2.5358633787203555 avg: 0.8452877929067851 count: 3.0
[Aug 31 18:14:40] DEBUG (SimpleDIASApplication.java:257) -  nodeidx2 sum: 2.5358633787203555 avg: 0.8452877929067851 count: 3.0
[Aug 31 18:14:41] DEBUG (SimpleDIASApplication.java:257) -  nodeidx2 sum: 2.5358633787203555 avg: 0.8452877929067851 count: 3.0
[Aug 31 18:14:42] DEBUG (SimpleDIASApplication.java:257) -  nodeidx2 sum: 2.5358633787203555 avg: 0.8452877929067851 count: 3.0
[Aug 31 18:14:43] DEBUG (SimpleDIASApplication.java:257) -  nodeidx2 sum: 2.5358633787203555 avg: 0.8452877929067851 count: 3.0
[Aug 31 18:14:44] DEBUG (SimpleDIASApplication.java:257) -  nodeidx2 sum: 2.5358633787203555 avg: 0.8452877929067851 count: 3.0
[Aug 31 18:14:45] DEBUG (SimpleDIASApplication.java:257) -  nodeidx2 sum: 2.5358633787203555 avg: 0.8452877929067851 count: 3.0
[Aug 31 18:14:46] DEBUG (SimpleDIASApplication.java:257) -  nodeidx2 sum: 2.5358633787203555 avg: 0.8452877929067851 count: 3.0
[Aug 31 18:14:47] DEBUG (SimpleDIASApplication.java:257) -  nodeidx2 sum: 2.5358633787203555 avg: 0.8452877929067851 count: 3.0
[Aug 31 18:14:48] DEBUG (SimpleDIASApplication.java:257) -  nodeidx2 sum: 2.5358633787203555 avg: 0.8452877929067851 count: 3.0
[Aug 31 18:14:49] DEBUG (SimpleDIASApplication.java:257) -  nodeidx2 sum: 2.5358633787203555 avg: 0.8452877929067851 count: 3.0
[Aug 31 18:14:50] DEBUG (SimpleDIASApplication.java:257) -  nodeidx2 sum: 2.5358633787203555 avg: 0.8452877929067851 count: 3.0
[Aug 31 18:14:51] DEBUG (SimpleDIASApplication.java:257) -  nodeidx2 sum: 2.5358633787203555 avg: 0.8452877929067851 count: 3.0
[Aug 31 18:14:52] DEBUG (SimpleDIASApplication.java:257) -  nodeidx2 sum: 2.5358633787203555 avg: 0.8452877929067851 count: 3.0
[Aug 31 18:14:53] DEBUG (SimpleDIASApplication.java:257) -  nodeidx2 sum: 2.5358633787203555 avg: 0.8452877929067851 count: 3.0
[Aug 31 18:14:54] DEBUG (SimpleDIASApplication.java:257) -  nodeidx2 sum: 2.5358633787203555 avg: 0.8452877929067851 count: 3.0
[Aug 31 18:14:55] DEBUG (SimpleDIASApplication.java:257) -  nodeidx2 sum: 2.5358633787203555 avg: 0.8452877929067851 count: 3.0
[Aug 31 18:14:56] DEBUG (SimpleDIASApplication.java:257) -  nodeidx2 sum: 2.5358633787203555 avg: 0.8452877929067851 count: 3.0
[Aug 31 18:14:57] DEBUG (SimpleDIASApplication.java:257) -  nodeidx2 sum: 2.5358633787203555 avg: 0.8452877929067851 count: 3.0
[Aug 31 18:14:58] DEBUG (SimpleDIASApplication.java:257) -  nodeidx2 sum: 2.5358633787203555 avg: 0.8452877929067851 count: 3.0
[Aug 31 18:14:59] DEBUG (SimpleDIASApplication.java:257) -  nodeidx2 sum: 2.5358633787203555 avg: 0.8452877929067851 count: 3.0
[Aug 31 18:15:00] DEBUG (SimpleDIASApplication.java:257) -  nodeidx2 sum: 2.5358633787203555 avg: 0.8452877929067851 count: 3.0
[Aug 31 18:15:01] DEBUG (SimpleDIASApplication.java:257) -  nodeidx2 sum: 2.5358633787203555 avg: 0.8452877929067851 count: 3.0
[Aug 31 18:15:02] DEBUG (SimpleDIASApplication.java:257) -  nodeidx2 sum: 2.5358633787203555 avg: 0.8452877929067851 count: 3.0
[Aug 31 18:15:03] DEBUG (SimpleDIASApplication.java:257) -  nodeidx2 sum: 2.5358633787203555 avg: 0.8452877929067851 count: 3.0
[Aug 31 18:15:04] DEBUG (SimpleDIASApplication.java:257) -  nodeidx2 sum: 2.5358633787203555 avg: 0.8452877929067851 count: 3.0
[Aug 31 18:15:05] DEBUG (SimpleDIASApplication.java:257) -  nodeidx2 sum: 2.5358633787203555 avg: 0.8452877929067851 count: 3.0
[Aug 31 18:15:06] DEBUG (SimpleDIASApplication.java:257) -  nodeidx2 sum: 2.5358633787203555 avg: 0.8452877929067851 count: 3.0
[Aug 31 18:15:07] DEBUG (SimpleDIASApplication.java:257) -  nodeidx2 sum: 2.5358633787203555 avg: 0.8452877929067851 count: 3.0
[Aug 31 18:15:08] DEBUG (SimpleDIASApplication.java:257) -  nodeidx2 sum: 2.5358633787203555 avg: 0.8452877929067851 count: 3.0
[Aug 31 18:15:09] DEBUG (SimpleDIASApplication.java:257) -  nodeidx2 sum: 2.5358633787203555 avg: 0.8452877929067851 count: 3.0
[Aug 31 18:15:10] DEBUG (SimpleDIASApplication.java:257) -  nodeidx2 sum: 2.5358633787203555 avg: 0.8452877929067851 count: 3.0
[Aug 31 18:15:11] DEBUG (SimpleDIASApplication.java:257) -  nodeidx2 sum: 2.5358633787203555 avg: 0.8452877929067851 count: 3.0
[Aug 31 18:15:12] DEBUG (SimpleDIASApplication.java:257) -  nodeidx2 sum: 2.5358633787203555 avg: 0.8452877929067851 count: 3.0
[Aug 31 18:15:13] DEBUG (SimpleDIASApplication.java:257) -  nodeidx2 sum: 2.5358633787203555 avg: 0.8452877929067851 count: 3.0
[Aug 31 18:15:14] DEBUG (SimpleDIASApplication.java:257) -  nodeidx2 sum: 2.5358633787203555 avg: 0.8452877929067851 count: 3.0
[Aug 31 18:15:15] DEBUG (SimpleDIASApplication.java:257) -  nodeidx2 sum: 2.5358633787203555 avg: 0.8452877929067851 count: 3.0
[Aug 31 18:15:16] DEBUG (SimpleDIASApplication.java:257) -  nodeidx2 sum: 2.5358633787203555 avg: 0.8452877929067851 count: 3.0
[Aug 31 18:15:17] DEBUG (SimpleDIASApplication.java:257) -  nodeidx2 sum: 2.5358633787203555 avg: 0.8452877929067851 count: 3.0
[Aug 31 18:15:18] DEBUG (SimpleDIASApplication.java:257) -  nodeidx2 sum: 2.5358633787203555 avg: 0.8452877929067851 count: 3.0
[Aug 31 18:15:19] DEBUG (SimpleDIASApplication.java:257) -  nodeidx2 sum: 2.5358633787203555 avg: 0.8452877929067851 count: 3.0
[Aug 31 18:15:20] DEBUG (SimpleDIASApplication.java:257) -  nodeidx2 sum: 2.5358633787203555 avg: 0.8452877929067851 count: 3.0
[Aug 31 18:15:21] DEBUG (SimpleDIASApplication.java:257) -  nodeidx2 sum: 2.5358633787203555 avg: 0.8452877929067851 count: 3.0
[Aug 31 18:15:22] DEBUG (SimpleDIASApplication.java:257) -  nodeidx2 sum: 2.5358633787203555 avg: 0.8452877929067851 count: 3.0
[Aug 31 18:15:23] DEBUG (SimpleDIASApplication.java:257) -  nodeidx2 sum: 2.5358633787203555 avg: 0.8452877929067851 count: 3.0
[Aug 31 18:15:23] DEBUG (DIAS.java:291) - pidx 2 AggregateSum 2.5358633787203555 SelectedState 0.11663899558672397
[Aug 31 18:15:24] DEBUG (SimpleDIASApplication.java:257) -  nodeidx2 sum: 1.1941982160732514 avg: 0.39806607202441713 count: 3.0
[Aug 31 18:15:24] DEBUG (DIAS.java:291) - pidx 2 AggregateSum 1.1941982160732514 SelectedState 0.24544739449729455
[Aug 31 18:15:25] DEBUG (SimpleDIASApplication.java:257) -  nodeidx2 sum: 0.5787063594399662 avg: 0.19290211981332206 count: 3.0
[Aug 31 18:15:26] DEBUG (SimpleDIASApplication.java:257) -  nodeidx2 sum: 0.5787063594399662 avg: 0.19290211981332206 count: 3.0
[Aug 31 18:15:27] DEBUG (SimpleDIASApplication.java:257) -  nodeidx2 sum: 0.5787063594399662 avg: 0.19290211981332206 count: 3.0
[Aug 31 18:15:28] DEBUG (SimpleDIASApplication.java:257) -  nodeidx2 sum: 0.5787063594399662 avg: 0.19290211981332206 count: 3.0
[Aug 31 18:15:29] DEBUG (SimpleDIASApplication.java:257) -  nodeidx2 sum: 0.5787063594399662 avg: 0.19290211981332206 count: 3.0
[Aug 31 18:15:30] DEBUG (SimpleDIASApplication.java:257) -  nodeidx2 sum: 0.5787063594399662 avg: 0.19290211981332206 count: 3.0
[Aug 31 18:15:31] DEBUG (SimpleDIASApplication.java:257) -  nodeidx2 sum: 0.5787063594399662 avg: 0.19290211981332206 count: 3.0
[Aug 31 18:15:32] DEBUG (SimpleDIASApplication.java:257) -  nodeidx2 sum: 0.5787063594399662 avg: 0.19290211981332206 count: 3.0
[Aug 31 18:15:33] DEBUG (SimpleDIASApplication.java:257) -  nodeidx2 sum: 0.5787063594399662 avg: 0.19290211981332206 count: 3.0
[Aug 31 18:15:34] DEBUG (SimpleDIASApplication.java:257) -  nodeidx2 sum: 0.5787063594399662 avg: 0.19290211981332206 count: 3.0
[Aug 31 18:15:35] DEBUG (SimpleDIASApplication.java:257) -  nodeidx2 sum: 0.5787063594399662 avg: 0.19290211981332206 count: 3.0
[Aug 31 18:15:36] DEBUG (SimpleDIASApplication.java:257) -  nodeidx2 sum: 0.5787063594399662 avg: 0.19290211981332206 count: 3.0
[Aug 31 18:15:37] DEBUG (SimpleDIASApplication.java:257) -  nodeidx2 sum: 0.5787063594399662 avg: 0.19290211981332206 count: 3.0
[Aug 31 18:15:38] DEBUG (SimpleDIASApplication.java:257) -  nodeidx2 sum: 0.5787063594399662 avg: 0.19290211981332206 count: 3.0
[Aug 31 18:15:39] DEBUG (SimpleDIASApplication.java:257) -  nodeidx2 sum: 0.5787063594399662 avg: 0.19290211981332206 count: 3.0
[Aug 31 18:15:40] DEBUG (SimpleDIASApplication.java:257) -  nodeidx2 sum: 0.5787063594399662 avg: 0.19290211981332206 count: 3.0
[Aug 31 18:15:41] DEBUG (SimpleDIASApplication.java:257) -  nodeidx2 sum: 0.5787063594399662 avg: 0.19290211981332206 count: 3.0
[Aug 31 18:15:42] DEBUG (SimpleDIASApplication.java:257) -  nodeidx2 sum: 0.5787063594399662 avg: 0.19290211981332206 count: 3.0
[Aug 31 18:15:43] DEBUG (SimpleDIASApplication.java:257) -  nodeidx2 sum: 0.5787063594399662 avg: 0.19290211981332206 count: 3.0
[Aug 31 18:15:44] DEBUG (SimpleDIASApplication.java:257) -  nodeidx2 sum: 0.5787063594399662 avg: 0.19290211981332206 count: 3.0
[Aug 31 18:15:45] DEBUG (SimpleDIASApplication.java:257) -  nodeidx2 sum: 0.5787063594399662 avg: 0.19290211981332206 count: 3.0
[Aug 31 18:15:46] DEBUG (SimpleDIASApplication.java:257) -  nodeidx2 sum: 0.5787063594399662 avg: 0.19290211981332206 count: 3.0
[Aug 31 18:15:47] DEBUG (SimpleDIASApplication.java:257) -  nodeidx2 sum: 0.5787063594399662 avg: 0.19290211981332206 count: 3.0
[Aug 31 18:15:48] DEBUG (SimpleDIASApplication.java:257) -  nodeidx2 sum: 0.5787063594399662 avg: 0.19290211981332206 count: 3.0
[Aug 31 18:15:49] DEBUG (SimpleDIASApplication.java:257) -  nodeidx2 sum: 0.5787063594399662 avg: 0.19290211981332206 count: 3.0
[Aug 31 18:15:50] DEBUG (SimpleDIASApplication.java:257) -  nodeidx2 sum: 0.5787063594399662 avg: 0.19290211981332206 count: 3.0
[Aug 31 18:15:51] DEBUG (SimpleDIASApplication.java:257) -  nodeidx2 sum: 0.5787063594399662 avg: 0.19290211981332206 count: 3.0
[Aug 31 18:15:52] DEBUG (SimpleDIASApplication.java:257) -  nodeidx2 sum: 0.5787063594399662 avg: 0.19290211981332206 count: 3.0
[Aug 31 18:15:53] DEBUG (SimpleDIASApplication.java:257) -  nodeidx2 sum: 0.5787063594399662 avg: 0.19290211981332206 count: 3.0
[Aug 31 18:15:54] DEBUG (SimpleDIASApplication.java:257) -  nodeidx2 sum: 0.5787063594399662 avg: 0.19290211981332206 count: 3.0
[Aug 31 18:15:55] DEBUG (SimpleDIASApplication.java:257) -  nodeidx2 sum: 0.5787063594399662 avg: 0.19290211981332206 count: 3.0
[Aug 31 18:15:56] DEBUG (SimpleDIASApplication.java:257) -  nodeidx2 sum: 0.5787063594399662 avg: 0.19290211981332206 count: 3.0
[Aug 31 18:15:57] DEBUG (SimpleDIASApplication.java:257) -  nodeidx2 sum: 0.5787063594399662 avg: 0.19290211981332206 count: 3.0
[Aug 31 18:15:58] DEBUG (SimpleDIASApplication.java:257) -  nodeidx2 sum: 0.5787063594399662 avg: 0.19290211981332206 count: 3.0
[Aug 31 18:15:59] DEBUG (SimpleDIASApplication.java:257) -  nodeidx2 sum: 0.5787063594399662 avg: 0.19290211981332206 count: 3.0
[Aug 31 18:16:00] DEBUG (SimpleDIASApplication.java:257) -  nodeidx2 sum: 0.5787063594399662 avg: 0.19290211981332206 count: 3.0
[Aug 31 18:16:01] DEBUG (SimpleDIASApplication.java:257) -  nodeidx2 sum: 0.5787063594399662 avg: 0.19290211981332206 count: 3.0
[Aug 31 18:16:02] DEBUG (SimpleDIASApplication.java:257) -  nodeidx2 sum: 0.5787063594399662 avg: 0.19290211981332206 count: 3.0
[Aug 31 18:16:03] DEBUG (SimpleDIASApplication.java:257) -  nodeidx2 sum: 0.5787063594399662 avg: 0.19290211981332206 count: 3.0
[Aug 31 18:16:04] DEBUG (SimpleDIASApplication.java:257) -  nodeidx2 sum: 0.5787063594399662 avg: 0.19290211981332206 count: 3.0
[Aug 31 18:16:05] DEBUG (SimpleDIASApplication.java:257) -  nodeidx2 sum: 0.5787063594399662 avg: 0.19290211981332206 count: 3.0
[Aug 31 18:16:06] DEBUG (SimpleDIASApplication.java:257) -  nodeidx2 sum: 0.5787063594399662 avg: 0.19290211981332206 count: 3.0
[Aug 31 18:16:07] DEBUG (SimpleDIASApplication.java:257) -  nodeidx2 sum: 0.5787063594399662 avg: 0.19290211981332206 count: 3.0
[Aug 31 18:16:08] DEBUG (SimpleDIASApplication.java:257) -  nodeidx2 sum: 0.5787063594399662 avg: 0.19290211981332206 count: 3.0
[Aug 31 18:16:09] DEBUG (SimpleDIASApplication.java:257) -  nodeidx2 sum: 0.5787063594399662 avg: 0.19290211981332206 count: 3.0
[Aug 31 18:16:10] DEBUG (SimpleDIASApplication.java:257) -  nodeidx2 sum: 0.5787063594399662 avg: 0.19290211981332206 count: 3.0
[Aug 31 18:16:11] DEBUG (SimpleDIASApplication.java:257) -  nodeidx2 sum: 0.5787063594399662 avg: 0.19290211981332206 count: 3.0
[Aug 31 18:16:12] DEBUG (SimpleDIASApplication.java:257) -  nodeidx2 sum: 0.5787063594399662 avg: 0.19290211981332206 count: 3.0
[Aug 31 18:16:13] DEBUG (SimpleDIASApplication.java:257) -  nodeidx2 sum: 0.5787063594399662 avg: 0.19290211981332206 count: 3.0
[Aug 31 18:16:14] DEBUG (SimpleDIASApplication.java:257) -  nodeidx2 sum: 0.5787063594399662 avg: 0.19290211981332206 count: 3.0
[Aug 31 18:16:15] DEBUG (SimpleDIASApplication.java:257) -  nodeidx2 sum: 0.5787063594399662 avg: 0.19290211981332206 count: 3.0
[Aug 31 18:16:16] DEBUG (SimpleDIASApplication.java:257) -  nodeidx2 sum: 0.5787063594399662 avg: 0.19290211981332206 count: 3.0
[Aug 31 18:16:17] DEBUG (SimpleDIASApplication.java:257) -  nodeidx2 sum: 0.5787063594399662 avg: 0.19290211981332206 count: 3.0
[Aug 31 18:16:18] DEBUG (SimpleDIASApplication.java:257) -  nodeidx2 sum: 0.5787063594399662 avg: 0.19290211981332206 count: 3.0
[Aug 31 18:16:19] DEBUG (SimpleDIASApplication.java:257) -  nodeidx2 sum: 0.5787063594399662 avg: 0.19290211981332206 count: 3.0
[Aug 31 18:16:20] DEBUG (SimpleDIASApplication.java:257) -  nodeidx2 sum: 0.5787063594399662 avg: 0.19290211981332206 count: 3.0
[Aug 31 18:16:21] DEBUG (SimpleDIASApplication.java:257) -  nodeidx2 sum: 0.5787063594399662 avg: 0.19290211981332206 count: 3.0
[Aug 31 18:16:22] DEBUG (SimpleDIASApplication.java:257) -  nodeidx2 sum: 0.5787063594399662 avg: 0.19290211981332206 count: 3.0
[Aug 31 18:16:23] DEBUG (SimpleDIASApplication.java:257) -  nodeidx2 sum: 0.5787063594399662 avg: 0.19290211981332206 count: 3.0
[Aug 31 18:16:24] DEBUG (SimpleDIASApplication.java:257) -  nodeidx2 sum: 0.5787063594399662 avg: 0.19290211981332206 count: 3.0
[Aug 31 18:16:25] DEBUG (SimpleDIASApplication.java:257) -  nodeidx2 sum: 0.5787063594399662 avg: 0.19290211981332206 count: 3.0
[Aug 31 18:16:26] DEBUG (SimpleDIASApplication.java:257) -  nodeidx2 sum: 0.5787063594399662 avg: 0.19290211981332206 count: 3.0
[Aug 31 18:16:27] DEBUG (SimpleDIASApplication.java:257) -  nodeidx2 sum: 0.5787063594399662 avg: 0.19290211981332206 count: 3.0
[Aug 31 18:16:28] DEBUG (SimpleDIASApplication.java:257) -  nodeidx2 sum: 0.5787063594399662 avg: 0.19290211981332206 count: 3.0
[Aug 31 18:16:29] DEBUG (SimpleDIASApplication.java:257) -  nodeidx2 sum: 0.5787063594399662 avg: 0.19290211981332206 count: 3.0
[Aug 31 18:16:30] DEBUG (SimpleDIASApplication.java:257) -  nodeidx2 sum: 0.5787063594399662 avg: 0.19290211981332206 count: 3.0
[Aug 31 18:16:31] DEBUG (SimpleDIASApplication.java:257) -  nodeidx2 sum: 0.5787063594399662 avg: 0.19290211981332206 count: 3.0
[Aug 31 18:16:32] DEBUG (SimpleDIASApplication.java:257) -  nodeidx2 sum: 0.5787063594399662 avg: 0.19290211981332206 count: 3.0
[Aug 31 18:16:33] DEBUG (SimpleDIASApplication.java:257) -  nodeidx2 sum: 0.5787063594399662 avg: 0.19290211981332206 count: 3.0
[Aug 31 18:16:34] DEBUG (SimpleDIASApplication.java:257) -  nodeidx2 sum: 0.5787063594399662 avg: 0.19290211981332206 count: 3.0
[Aug 31 18:16:35] DEBUG (SimpleDIASApplication.java:257) -  nodeidx2 sum: 0.5787063594399662 avg: 0.19290211981332206 count: 3.0
[Aug 31 18:16:36] DEBUG (SimpleDIASApplication.java:257) -  nodeidx2 sum: 0.5787063594399662 avg: 0.19290211981332206 count: 3.0
[Aug 31 18:16:37] DEBUG (SimpleDIASApplication.java:257) -  nodeidx2 sum: 0.5787063594399662 avg: 0.19290211981332206 count: 3.0
[Aug 31 18:16:38] DEBUG (SimpleDIASApplication.java:257) -  nodeidx2 sum: 0.5787063594399662 avg: 0.19290211981332206 count: 3.0
[Aug 31 18:16:39] DEBUG (SimpleDIASApplication.java:257) -  nodeidx2 sum: 0.5787063594399662 avg: 0.19290211981332206 count: 3.0
[Aug 31 18:16:40] DEBUG (SimpleDIASApplication.java:257) -  nodeidx2 sum: 0.5787063594399662 avg: 0.19290211981332206 count: 3.0
[Aug 31 18:16:41] DEBUG (SimpleDIASApplication.java:257) -  nodeidx2 sum: 0.5787063594399662 avg: 0.19290211981332206 count: 3.0
[Aug 31 18:16:42] DEBUG (SimpleDIASApplication.java:257) -  nodeidx2 sum: 0.5787063594399662 avg: 0.19290211981332206 count: 3.0
[Aug 31 18:16:43] DEBUG (SimpleDIASApplication.java:257) -  nodeidx2 sum: 0.5787063594399662 avg: 0.19290211981332206 count: 3.0
[Aug 31 18:16:44] DEBUG (SimpleDIASApplication.java:257) -  nodeidx2 sum: 0.5787063594399662 avg: 0.19290211981332206 count: 3.0
[Aug 31 18:16:45] DEBUG (SimpleDIASApplication.java:257) -  nodeidx2 sum: 0.5787063594399662 avg: 0.19290211981332206 count: 3.0
[Aug 31 18:16:46] DEBUG (SimpleDIASApplication.java:257) -  nodeidx2 sum: 0.5787063594399662 avg: 0.19290211981332206 count: 3.0
[Aug 31 18:16:47] DEBUG (SimpleDIASApplication.java:257) -  nodeidx2 sum: 0.5787063594399662 avg: 0.19290211981332206 count: 3.0
[Aug 31 18:16:48] DEBUG (SimpleDIASApplication.java:257) -  nodeidx2 sum: 0.5787063594399662 avg: 0.19290211981332206 count: 3.0
[Aug 31 18:16:49] DEBUG (SimpleDIASApplication.java:257) -  nodeidx2 sum: 0.5787063594399662 avg: 0.19290211981332206 count: 3.0
[Aug 31 18:16:50] DEBUG (SimpleDIASApplication.java:257) -  nodeidx2 sum: 0.5787063594399662 avg: 0.19290211981332206 count: 3.0
[Aug 31 18:16:51] DEBUG (SimpleDIASApplication.java:257) -  nodeidx2 sum: 0.5787063594399662 avg: 0.19290211981332206 count: 3.0
[Aug 31 18:16:52] DEBUG (SimpleDIASApplication.java:257) -  nodeidx2 sum: 0.5787063594399662 avg: 0.19290211981332206 count: 3.0
[Aug 31 18:16:53] DEBUG (SimpleDIASApplication.java:257) -  nodeidx2 sum: 0.5787063594399662 avg: 0.19290211981332206 count: 3.0
[Aug 31 18:16:54] DEBUG (SimpleDIASApplication.java:257) -  nodeidx2 sum: 0.5787063594399662 avg: 0.19290211981332206 count: 3.0
[Aug 31 18:16:55] DEBUG (SimpleDIASApplication.java:257) -  nodeidx2 sum: 0.5787063594399662 avg: 0.19290211981332206 count: 3.0
[Aug 31 18:16:56] DEBUG (SimpleDIASApplication.java:257) -  nodeidx2 sum: 0.5787063594399662 avg: 0.19290211981332206 count: 3.0
[Aug 31 18:16:57] DEBUG (SimpleDIASApplication.java:257) -  nodeidx2 sum: 0.5787063594399662 avg: 0.19290211981332206 count: 3.0
[Aug 31 18:16:58] DEBUG (SimpleDIASApplication.java:257) -  nodeidx2 sum: 0.5787063594399662 avg: 0.19290211981332206 count: 3.0
[Aug 31 18:16:59] DEBUG (SimpleDIASApplication.java:257) -  nodeidx2 sum: 0.5787063594399662 avg: 0.19290211981332206 count: 3.0
[Aug 31 18:17:00] DEBUG (SimpleDIASApplication.java:257) -  nodeidx2 sum: 0.5787063594399662 avg: 0.19290211981332206 count: 3.0
[Aug 31 18:17:01] DEBUG (SimpleDIASApplication.java:257) -  nodeidx2 sum: 0.5787063594399662 avg: 0.19290211981332206 count: 3.0
[Aug 31 18:17:02] DEBUG (SimpleDIASApplication.java:257) -  nodeidx2 sum: 0.5787063594399662 avg: 0.19290211981332206 count: 3.0
[Aug 31 18:17:03] DEBUG (SimpleDIASApplication.java:257) -  nodeidx2 sum: 0.5787063594399662 avg: 0.19290211981332206 count: 3.0
[Aug 31 18:17:03] DEBUG (DIAS.java:291) - pidx 2 AggregateSum 0.5787063594399662 SelectedState 0.5363919732911903
[Aug 31 18:17:03] DEBUG (DIAS.java:291) - pidx 2 AggregateSum 0.9984593371444325 SelectedState 0.6359969686729356
[Aug 31 18:17:04] DEBUG (SimpleDIASApplication.java:257) -  nodeidx2 sum: 1.3890089113200736 avg: 0.46300297044002453 count: 3.0
[Aug 31 18:17:05] DEBUG (SimpleDIASApplication.java:257) -  nodeidx2 sum: 1.822199975968305 avg: 0.607399991989435 count: 3.0
[Aug 31 18:17:06] DEBUG (SimpleDIASApplication.java:257) -  nodeidx2 sum: 1.822199975968305 avg: 0.607399991989435 count: 3.0
[Aug 31 18:17:07] DEBUG (SimpleDIASApplication.java:257) -  nodeidx2 sum: 1.822199975968305 avg: 0.607399991989435 count: 3.0
[Aug 31 18:17:08] DEBUG (SimpleDIASApplication.java:257) -  nodeidx2 sum: 1.822199975968305 avg: 0.607399991989435 count: 3.0
[Aug 31 18:17:09] DEBUG (SimpleDIASApplication.java:257) -  nodeidx2 sum: 1.822199975968305 avg: 0.607399991989435 count: 3.0
[Aug 31 18:17:10] DEBUG (SimpleDIASApplication.java:257) -  nodeidx2 sum: 1.822199975968305 avg: 0.607399991989435 count: 3.0
[Aug 31 18:17:11] DEBUG (SimpleDIASApplication.java:257) -  nodeidx2 sum: 1.822199975968305 avg: 0.607399991989435 count: 3.0
[Aug 31 18:17:12] DEBUG (SimpleDIASApplication.java:257) -  nodeidx2 sum: 1.822199975968305 avg: 0.607399991989435 count: 3.0
[Aug 31 18:17:13] DEBUG (SimpleDIASApplication.java:257) -  nodeidx2 sum: 1.822199975968305 avg: 0.607399991989435 count: 3.0
[Aug 31 18:17:14] DEBUG (SimpleDIASApplication.java:257) -  nodeidx2 sum: 1.822199975968305 avg: 0.607399991989435 count: 3.0
[Aug 31 18:17:15] DEBUG (SimpleDIASApplication.java:257) -  nodeidx2 sum: 1.822199975968305 avg: 0.607399991989435 count: 3.0
[Aug 31 18:17:16] DEBUG (SimpleDIASApplication.java:257) -  nodeidx2 sum: 1.822199975968305 avg: 0.607399991989435 count: 3.0
[Aug 31 18:17:17] DEBUG (SimpleDIASApplication.java:257) -  nodeidx2 sum: 1.822199975968305 avg: 0.607399991989435 count: 3.0
[Aug 31 18:17:18] DEBUG (SimpleDIASApplication.java:257) -  nodeidx2 sum: 1.822199975968305 avg: 0.607399991989435 count: 3.0
[Aug 31 18:17:19] DEBUG (SimpleDIASApplication.java:257) -  nodeidx2 sum: 1.822199975968305 avg: 0.607399991989435 count: 3.0
[Aug 31 18:17:20] DEBUG (SimpleDIASApplication.java:257) -  nodeidx2 sum: 1.822199975968305 avg: 0.607399991989435 count: 3.0
[Aug 31 18:17:21] DEBUG (SimpleDIASApplication.java:257) -  nodeidx2 sum: 1.822199975968305 avg: 0.607399991989435 count: 3.0
[Aug 31 18:17:22] DEBUG (SimpleDIASApplication.java:257) -  nodeidx2 sum: 1.822199975968305 avg: 0.607399991989435 count: 3.0
[Aug 31 18:17:23] DEBUG (SimpleDIASApplication.java:257) -  nodeidx2 sum: 1.822199975968305 avg: 0.607399991989435 count: 3.0
[Aug 31 18:17:24] DEBUG (SimpleDIASApplication.java:257) -  nodeidx2 sum: 1.822199975968305 avg: 0.607399991989435 count: 3.0
[Aug 31 18:17:25] DEBUG (SimpleDIASApplication.java:257) -  nodeidx2 sum: 1.822199975968305 avg: 0.607399991989435 count: 3.0
[Aug 31 18:17:26] DEBUG (SimpleDIASApplication.java:257) -  nodeidx2 sum: 1.822199975968305 avg: 0.607399991989435 count: 3.0
[Aug 31 18:17:27] DEBUG (SimpleDIASApplication.java:257) -  nodeidx2 sum: 1.822199975968305 avg: 0.607399991989435 count: 3.0
[Aug 31 18:17:28] DEBUG (SimpleDIASApplication.java:257) -  nodeidx2 sum: 1.822199975968305 avg: 0.607399991989435 count: 3.0
[Aug 31 18:17:29] DEBUG (SimpleDIASApplication.java:257) -  nodeidx2 sum: 1.822199975968305 avg: 0.607399991989435 count: 3.0
[Aug 31 18:17:30] DEBUG (SimpleDIASApplication.java:257) -  nodeidx2 sum: 1.822199975968305 avg: 0.607399991989435 count: 3.0
[Aug 31 18:17:31] DEBUG (SimpleDIASApplication.java:257) -  nodeidx2 sum: 1.822199975968305 avg: 0.607399991989435 count: 3.0
[Aug 31 18:17:32] DEBUG (SimpleDIASApplication.java:257) -  nodeidx2 sum: 1.822199975968305 avg: 0.607399991989435 count: 3.0
[Aug 31 18:17:33] DEBUG (SimpleDIASApplication.java:257) -  nodeidx2 sum: 1.822199975968305 avg: 0.607399991989435 count: 3.0
[Aug 31 18:17:34] DEBUG (SimpleDIASApplication.java:257) -  nodeidx2 sum: 1.822199975968305 avg: 0.607399991989435 count: 3.0
[Aug 31 18:17:35] DEBUG (SimpleDIASApplication.java:257) -  nodeidx2 sum: 1.822199975968305 avg: 0.607399991989435 count: 3.0
[Aug 31 18:17:36] DEBUG (SimpleDIASApplication.java:257) -  nodeidx2 sum: 1.822199975968305 avg: 0.607399991989435 count: 3.0
[Aug 31 18:17:37] DEBUG (SimpleDIASApplication.java:257) -  nodeidx2 sum: 1.822199975968305 avg: 0.607399991989435 count: 3.0
[Aug 31 18:17:38] DEBUG (SimpleDIASApplication.java:257) -  nodeidx2 sum: 1.822199975968305 avg: 0.607399991989435 count: 3.0
[Aug 31 18:17:39] DEBUG (SimpleDIASApplication.java:257) -  nodeidx2 sum: 1.822199975968305 avg: 0.607399991989435 count: 3.0
[Aug 31 18:17:40] DEBUG (SimpleDIASApplication.java:257) -  nodeidx2 sum: 1.822199975968305 avg: 0.607399991989435 count: 3.0
[Aug 31 18:17:41] DEBUG (SimpleDIASApplication.java:257) -  nodeidx2 sum: 1.822199975968305 avg: 0.607399991989435 count: 3.0
[Aug 31 18:17:42] DEBUG (SimpleDIASApplication.java:257) -  nodeidx2 sum: 1.822199975968305 avg: 0.607399991989435 count: 3.0
[Aug 31 18:17:43] DEBUG (SimpleDIASApplication.java:257) -  nodeidx2 sum: 1.822199975968305 avg: 0.607399991989435 count: 3.0
[Aug 31 18:17:44] DEBUG (SimpleDIASApplication.java:257) -  nodeidx2 sum: 1.822199975968305 avg: 0.607399991989435 count: 3.0
[Aug 31 18:17:45] DEBUG (SimpleDIASApplication.java:257) -  nodeidx2 sum: 1.822199975968305 avg: 0.607399991989435 count: 3.0
[Aug 31 18:17:46] DEBUG (SimpleDIASApplication.java:257) -  nodeidx2 sum: 1.822199975968305 avg: 0.607399991989435 count: 3.0
[Aug 31 18:17:47] DEBUG (SimpleDIASApplication.java:257) -  nodeidx2 sum: 1.822199975968305 avg: 0.607399991989435 count: 3.0
[Aug 31 18:17:48] DEBUG (SimpleDIASApplication.java:257) -  nodeidx2 sum: 1.822199975968305 avg: 0.607399991989435 count: 3.0
[Aug 31 18:17:49] DEBUG (SimpleDIASApplication.java:257) -  nodeidx2 sum: 1.822199975968305 avg: 0.607399991989435 count: 3.0
[Aug 31 18:17:50] DEBUG (SimpleDIASApplication.java:257) -  nodeidx2 sum: 1.822199975968305 avg: 0.607399991989435 count: 3.0
[Aug 31 18:17:51] DEBUG (SimpleDIASApplication.java:257) -  nodeidx2 sum: 1.822199975968305 avg: 0.607399991989435 count: 3.0
[Aug 31 18:17:52] DEBUG (SimpleDIASApplication.java:257) -  nodeidx2 sum: 1.822199975968305 avg: 0.607399991989435 count: 3.0
[Aug 31 18:17:53] DEBUG (SimpleDIASApplication.java:257) -  nodeidx2 sum: 1.822199975968305 avg: 0.607399991989435 count: 3.0
[Aug 31 18:17:54] DEBUG (SimpleDIASApplication.java:257) -  nodeidx2 sum: 1.822199975968305 avg: 0.607399991989435 count: 3.0
[Aug 31 18:17:55] DEBUG (SimpleDIASApplication.java:257) -  nodeidx2 sum: 1.822199975968305 avg: 0.607399991989435 count: 3.0
[Aug 31 18:17:56] DEBUG (SimpleDIASApplication.java:257) -  nodeidx2 sum: 1.822199975968305 avg: 0.607399991989435 count: 3.0
[Aug 31 18:17:57] DEBUG (SimpleDIASApplication.java:257) -  nodeidx2 sum: 1.822199975968305 avg: 0.607399991989435 count: 3.0
[Aug 31 18:17:58] DEBUG (SimpleDIASApplication.java:257) -  nodeidx2 sum: 1.822199975968305 avg: 0.607399991989435 count: 3.0
[Aug 31 18:17:59] DEBUG (SimpleDIASApplication.java:257) -  nodeidx2 sum: 1.822199975968305 avg: 0.607399991989435 count: 3.0
[Aug 31 18:18:00] DEBUG (SimpleDIASApplication.java:257) -  nodeidx2 sum: 1.822199975968305 avg: 0.607399991989435 count: 3.0
[Aug 31 18:18:01] DEBUG (SimpleDIASApplication.java:257) -  nodeidx2 sum: 1.822199975968305 avg: 0.607399991989435 count: 3.0
[Aug 31 18:18:02] DEBUG (SimpleDIASApplication.java:257) -  nodeidx2 sum: 1.822199975968305 avg: 0.607399991989435 count: 3.0
[Aug 31 18:18:03] DEBUG (SimpleDIASApplication.java:257) -  nodeidx2 sum: 1.822199975968305 avg: 0.607399991989435 count: 3.0
[Aug 31 18:18:04] DEBUG (SimpleDIASApplication.java:257) -  nodeidx2 sum: 1.822199975968305 avg: 0.607399991989435 count: 3.0
[Aug 31 18:18:05] DEBUG (SimpleDIASApplication.java:257) -  nodeidx2 sum: 1.822199975968305 avg: 0.607399991989435 count: 3.0
[Aug 31 18:18:06] DEBUG (SimpleDIASApplication.java:257) -  nodeidx2 sum: 1.822199975968305 avg: 0.607399991989435 count: 3.0
[Aug 31 18:18:07] DEBUG (SimpleDIASApplication.java:257) -  nodeidx2 sum: 1.822199975968305 avg: 0.607399991989435 count: 3.0
[Aug 31 18:18:08] DEBUG (SimpleDIASApplication.java:257) -  nodeidx2 sum: 1.822199975968305 avg: 0.607399991989435 count: 3.0
[Aug 31 18:18:09] DEBUG (SimpleDIASApplication.java:257) -  nodeidx2 sum: 1.822199975968305 avg: 0.607399991989435 count: 3.0
[Aug 31 18:18:10] DEBUG (SimpleDIASApplication.java:257) -  nodeidx2 sum: 1.822199975968305 avg: 0.607399991989435 count: 3.0
[Aug 31 18:18:11] DEBUG (SimpleDIASApplication.java:257) -  nodeidx2 sum: 1.822199975968305 avg: 0.607399991989435 count: 3.0
[Aug 31 18:18:12] DEBUG (SimpleDIASApplication.java:257) -  nodeidx2 sum: 1.822199975968305 avg: 0.607399991989435 count: 3.0
[Aug 31 18:18:13] DEBUG (SimpleDIASApplication.java:257) -  nodeidx2 sum: 1.822199975968305 avg: 0.607399991989435 count: 3.0
[Aug 31 18:18:14] DEBUG (SimpleDIASApplication.java:257) -  nodeidx2 sum: 1.822199975968305 avg: 0.607399991989435 count: 3.0
[Aug 31 18:18:15] DEBUG (SimpleDIASApplication.java:257) -  nodeidx2 sum: 1.822199975968305 avg: 0.607399991989435 count: 3.0
[Aug 31 18:18:16] DEBUG (SimpleDIASApplication.java:257) -  nodeidx2 sum: 1.822199975968305 avg: 0.607399991989435 count: 3.0
[Aug 31 18:18:17] DEBUG (SimpleDIASApplication.java:257) -  nodeidx2 sum: 1.822199975968305 avg: 0.607399991989435 count: 3.0
[Aug 31 18:18:18] DEBUG (SimpleDIASApplication.java:257) -  nodeidx2 sum: 1.822199975968305 avg: 0.607399991989435 count: 3.0
[Aug 31 18:18:19] DEBUG (SimpleDIASApplication.java:257) -  nodeidx2 sum: 1.822199975968305 avg: 0.607399991989435 count: 3.0
[Aug 31 18:18:20] DEBUG (SimpleDIASApplication.java:257) -  nodeidx2 sum: 1.822199975968305 avg: 0.607399991989435 count: 3.0
[Aug 31 18:18:21] DEBUG (SimpleDIASApplication.java:257) -  nodeidx2 sum: 1.822199975968305 avg: 0.607399991989435 count: 3.0
[Aug 31 18:18:22] DEBUG (SimpleDIASApplication.java:257) -  nodeidx2 sum: 1.822199975968305 avg: 0.607399991989435 count: 3.0
[Aug 31 18:18:23] DEBUG (SimpleDIASApplication.java:257) -  nodeidx2 sum: 1.822199975968305 avg: 0.607399991989435 count: 3.0
[Aug 31 18:18:24] DEBUG (SimpleDIASApplication.java:257) -  nodeidx2 sum: 1.822199975968305 avg: 0.607399991989435 count: 3.0
[Aug 31 18:18:25] DEBUG (SimpleDIASApplication.java:257) -  nodeidx2 sum: 1.822199975968305 avg: 0.607399991989435 count: 3.0
[Aug 31 18:18:26] DEBUG (SimpleDIASApplication.java:257) -  nodeidx2 sum: 1.822199975968305 avg: 0.607399991989435 count: 3.0
[Aug 31 18:18:27] DEBUG (SimpleDIASApplication.java:257) -  nodeidx2 sum: 1.822199975968305 avg: 0.607399991989435 count: 3.0
[Aug 31 18:18:28] DEBUG (SimpleDIASApplication.java:257) -  nodeidx2 sum: 1.822199975968305 avg: 0.607399991989435 count: 3.0
[Aug 31 18:18:29] DEBUG (SimpleDIASApplication.java:257) -  nodeidx2 sum: 1.822199975968305 avg: 0.607399991989435 count: 3.0
[Aug 31 18:18:30] DEBUG (SimpleDIASApplication.java:257) -  nodeidx2 sum: 1.822199975968305 avg: 0.607399991989435 count: 3.0
[Aug 31 18:18:31] DEBUG (SimpleDIASApplication.java:257) -  nodeidx2 sum: 1.822199975968305 avg: 0.607399991989435 count: 3.0
[Aug 31 18:18:32] DEBUG (SimpleDIASApplication.java:257) -  nodeidx2 sum: 1.822199975968305 avg: 0.607399991989435 count: 3.0
[Aug 31 18:18:33] DEBUG (SimpleDIASApplication.java:257) -  nodeidx2 sum: 1.822199975968305 avg: 0.607399991989435 count: 3.0
[Aug 31 18:18:34] DEBUG (SimpleDIASApplication.java:257) -  nodeidx2 sum: 1.822199975968305 avg: 0.607399991989435 count: 3.0
[Aug 31 18:18:35] DEBUG (SimpleDIASApplication.java:257) -  nodeidx2 sum: 1.822199975968305 avg: 0.607399991989435 count: 3.0
[Aug 31 18:18:36] DEBUG (SimpleDIASApplication.java:257) -  nodeidx2 sum: 1.822199975968305 avg: 0.607399991989435 count: 3.0
[Aug 31 18:18:37] DEBUG (SimpleDIASApplication.java:257) -  nodeidx2 sum: 1.822199975968305 avg: 0.607399991989435 count: 3.0
[Aug 31 18:18:38] DEBUG (SimpleDIASApplication.java:257) -  nodeidx2 sum: 1.822199975968305 avg: 0.607399991989435 count: 3.0
[Aug 31 18:18:39] DEBUG (SimpleDIASApplication.java:257) -  nodeidx2 sum: 1.822199975968305 avg: 0.607399991989435 count: 3.0
[Aug 31 18:18:40] DEBUG (SimpleDIASApplication.java:257) -  nodeidx2 sum: 1.822199975968305 avg: 0.607399991989435 count: 3.0
[Aug 31 18:18:41] DEBUG (SimpleDIASApplication.java:257) -  nodeidx2 sum: 1.822199975968305 avg: 0.607399991989435 count: 3.0
[Aug 31 18:18:42] DEBUG (SimpleDIASApplication.java:257) -  nodeidx2 sum: 1.822199975968305 avg: 0.607399991989435 count: 3.0
[Aug 31 18:18:43] DEBUG (DIAS.java:291) - pidx 2 AggregateSum 1.822199975968305 SelectedState 0.3075423031206819
[Aug 31 18:18:43] DEBUG (SimpleDIASApplication.java:257) -  nodeidx2 sum: 1.5933503057977967 avg: 0.5311167685992656 count: 3.0
[Aug 31 18:18:43] DEBUG (DIAS.java:291) - pidx 2 AggregateSum 1.5933503057977967 SelectedState 0.26791368821020967
[Aug 31 18:18:44] DEBUG (SimpleDIASApplication.java:257) -  nodeidx2 sum: 1.2252670253350706 avg: 0.40842234177835685 count: 3.0
[Aug 31 18:18:45] DEBUG (SimpleDIASApplication.java:257) -  nodeidx2 sum: 1.0105544234697357 avg: 0.3368514744899119 count: 3.0
[Aug 31 18:18:46] DEBUG (SimpleDIASApplication.java:257) -  nodeidx2 sum: 1.0105544234697357 avg: 0.3368514744899119 count: 3.0
[Aug 31 18:18:47] DEBUG (SimpleDIASApplication.java:257) -  nodeidx2 sum: 1.0105544234697357 avg: 0.3368514744899119 count: 3.0
[Aug 31 18:18:48] DEBUG (SimpleDIASApplication.java:257) -  nodeidx2 sum: 1.0105544234697357 avg: 0.3368514744899119 count: 3.0
